E 01 I Thu Mar 03 10:22:19.767 2022       tcp_005785       5785  565385024 AC1D2BAF0001 00000000000000000000000000000000           net_recv.c   151 ===>net_recv: receiving 49 bytes from client.
E 01 I Thu Mar 03 10:22:19.767 2022       tcp_005785       5785  565385024 AC1D2BAF0001 00000000000000000000000000000000         tcp_rcvsnd.c   190 ===>tcp_rcvsnd: message of 49 bytes read from client socket.
E 01 I Thu Mar 03 10:22:19.767 2022       tcp_005785       5785  565385024 AC1D2BAF0001 00000000000000000000000000000000           six_echo.c    77 ===>six_echo: normal host(prueba) user(prueba) echo received [20220303102219 - ECHO MENSAJE].
E 01 I Thu Mar 03 10:22:19.768 2022       tcp_005785       5785  565385024 AC1D2BAF0001 00000000000000000000000000000000           six_echo.c    83 ===>six_echo: normal host(prueba) user(prueba) echo response [20220303102219 - ECHO MENSAJE].
E 01 I Thu Mar 03 10:22:19.768 2022       tcp_005785       5785  565385024 AC1D2BAF0001 00000000000000000000000000000000         tcp_rcvsnd.c   238 ===>tcp_rcvsnd: writing to client socket 49 bytes.
E 01 I Thu Mar 03 10:22:19.768 2022       tcp_005785       5785  565385024 AC1D2BAF0001 00000000000000000000000000000000           net_send.c    81 ===>net_send: sending 49 bytes to client.
E 01 D Thu Mar 03 10:22:19.769 2022       tcp_005785       5785  565385024 AC1D2BAF0001 00000000000000000000000000000000        tcp_chksock.c    88 ===>tcp_chksock: not pending data, socket status active.
E 01 I Thu Mar 03 10:22:19.774 2022       tcp_005785       5785  565385024 AC1D2BAF0001 00000000000000000000000000000000         tcp_rcvsnd.c   177 ===>tcp_rcvsnd: waiting request (0 sec) from client socket.
E 01 D Thu Mar 03 10:22:19.774 2022       tcp_005785       5785  565385024 AC1D2BAF0001 00000000000000000000000000000000         net_tcpsel.c    67 ===>net_tcpsel: maximum iddle time off.
E 01 D Thu Mar 03 10:22:19.775 2022       tcp_005785       5785  565385024 AC1D2BAF0001 00000000000000000000000000000000        tcp_chksock.c    88 ===>tcp_chksock: not pending data, socket status active.
E 01 D Thu Mar 03 10:22:23.579 2022       tcp_013126      13126  596719808 AC1D2BAF0001 00000000000000000000000000000000        tcp_chksock.c    93 ===>tcp_chksock: found pending data, socket status active.
E 01 I Thu Mar 03 10:22:23.579 2022       tcp_013126      13126  596719808 AC1D2BAF0001 00000000000000000000000000000000           net_recv.c   151 ===>net_recv: receiving 49 bytes from client.
E 01 I Thu Mar 03 10:22:23.580 2022       tcp_013126      13126  596719808 AC1D2BAF0001 00000000000000000000000000000000         tcp_rcvsnd.c   190 ===>tcp_rcvsnd: message of 49 bytes read from client socket.
E 01 I Thu Mar 03 10:22:23.580 2022       tcp_013126      13126  596719808 AC1D2BAF0001 00000000000000000000000000000000           six_echo.c    77 ===>six_echo: normal host(SIXEFT) user(bnrecaud) echo received [20220303102223 - ECHO MENSAJE].
E 01 I Thu Mar 03 10:22:23.580 2022       tcp_013126      13126  596719808 AC1D2BAF0001 00000000000000000000000000000000           six_echo.c    83 ===>six_echo: normal host(SIXEFT) user(bnrecaud) echo response [20220303102223 - ECHO MENSAJE].
E 01 I Thu Mar 03 10:22:23.580 2022       tcp_013126      13126  596719808 AC1D2BAF0001 00000000000000000000000000000000         tcp_rcvsnd.c   238 ===>tcp_rcvsnd: writing to client socket 49 bytes.
E 01 I Thu Mar 03 10:22:23.581 2022       tcp_013126      13126  596719808 AC1D2BAF0001 00000000000000000000000000000000           net_send.c    81 ===>net_send: sending 49 bytes to client.
E 01 D Thu Mar 03 10:22:23.581 2022       tcp_013126      13126  596719808 AC1D2BAF0001 00000000000000000000000000000000        tcp_chksock.c    88 ===>tcp_chksock: not pending data, socket status active.
E 01 I Thu Mar 03 10:22:23.581 2022       tcp_013126      13126  596719808 AC1D2BAF0001 00000000000000000000000000000000         tcp_rcvsnd.c   177 ===>tcp_rcvsnd: waiting request (0 sec) from client socket.
E 01 D Thu Mar 03 10:22:23.582 2022       tcp_013126      13126  596719808 AC1D2BAF0001 00000000000000000000000000000000         net_tcpsel.c    67 ===>net_tcpsel: maximum iddle time off.
E 01 D Thu Mar 03 10:22:23.582 2022       tcp_013126      13126  596719808 AC1D2BAF0001 00000000000000000000000000000000        tcp_chksock.c    88 ===>tcp_chksock: not pending data, socket status active.
E 01 D Thu Mar 03 10:22:23.626 2022       tcp_013126      13126  596719808 AC1D2BAF0001 00000000000000000000000000000000        tcp_chksock.c    93 ===>tcp_chksock: found pending data, socket status active.
E 01 I Thu Mar 03 10:22:23.626 2022       tcp_013126      13126  596719808 AC1D2BAF0001 00000000000000000000000000000000           net_recv.c   151 ===>net_recv: receiving 1281 bytes from client.
E 01 I Thu Mar 03 10:22:23.626 2022       tcp_013126      13126  596719808 AC1D2BAF0001 00000000000000000000000000000000         tcp_rcvsnd.c   190 ===>tcp_rcvsnd: message of 1281 bytes read from client socket.
E 01 I Thu Mar 03 10:22:23.627 2022       tcp_013126      13126  596719808 AC1D2BAF0001 00000000000000000000000000000000         six_asygen.c   127 ===>webasy_six_asygen: writing (1269 bytes) request message token(08391428) to async server(BNISOINT/16318518)
E 01 I Thu Mar 03 10:22:23.627 2022       tcp_013126      13126  596719808 AC1D2BAF0001 00000000000000000000000000000000         six_asygen.c   164 ===>webasy_six_asygen: waiting for response message, timeout(10).
E 01 D Thu Mar 03 10:22:23.628 2022         bniso001       2706  561104704 AC1D2BAF0001 SIX AC1D2BAF00010303102223627108              IF_rx.c    90 ===>IF_rx: applfrom[Z0001TCP] isomsglen[1269].
E 01 D Thu Mar 03 10:22:23.628 2022         bniso001       2706  561104704 AC1D2BAF0001 SIX AC1D2BAF00010303102223627108              IF_rx.c   100 ===>IF_rx: On the way back we should send the msg to [Z0001TCP].
E 01 D Thu Mar 03 10:22:23.629 2022         bniso001       2706  561104704 AC1D2BAF0001 SIX AC1D2BAF00010303102223627108              IF_rx.c   113 ===>IF_rx: Ms[52].
E 01 D Thu Mar 03 10:22:23.629 2022         bniso001       2706  561104704 AC1D2BAF0001 SIX AC1D2BAF00010303102223627108          xmlparser.c   969 ===>xmlProcessMsg: id[01_T_SERVICIO], pos[0], len[6].
E 01 D Thu Mar 03 10:22:23.629 2022         bniso001       2706  561104704 AC1D2BAF0001 SIX AC1D2BAF00010303102223627108          xmlparser.c   969 ===>xmlProcessMsg: id[02_T_OPERACION], pos[6], len[4].
E 01 D Thu Mar 03 10:22:23.630 2022         bniso001       2706  561104704 AC1D2BAF0001 SIX AC1D2BAF00010303102223627108          xmlparser.c   969 ===>xmlProcessMsg: id[03_TIPO_REF_CONSULTA], pos[10], len[2].
E 01 D Thu Mar 03 10:22:23.630 2022         bniso001       2706  561104704 AC1D2BAF0001 SIX AC1D2BAF00010303102223627108          xmlparser.c   969 ===>xmlProcessMsg: id[04_REF_CONSULTA], pos[12], len[20].
E 01 D Thu Mar 03 10:22:23.630 2022         bniso001       2706  561104704 AC1D2BAF0001 SIX AC1D2BAF00010303102223627108          xmlparser.c   969 ===>xmlProcessMsg: id[05_COD_ENTIDAD], pos[32], len[4].
E 01 D Thu Mar 03 10:22:23.631 2022         bniso001       2706  561104704 AC1D2BAF0001 SIX AC1D2BAF00010303102223627108          xmlparser.c   969 ===>xmlProcessMsg: id[06_COD_RETORNO], pos[36], len[4].
E 01 D Thu Mar 03 10:22:23.631 2022         bniso001       2706  561104704 AC1D2BAF0001 SIX AC1D2BAF00010303102223627108          xmlparser.c   969 ===>xmlProcessMsg: id[07_CANAL_ATENCION], pos[40], len[2].
E 01 D Thu Mar 03 10:22:23.631 2022         bniso001       2706  561104704 AC1D2BAF0001 SIX AC1D2BAF00010303102223627108          xmlparser.c   969 ===>xmlProcessMsg: id[08_EMISOR_REQ], pos[42], len[4].
E 01 D Thu Mar 03 10:22:23.632 2022         bniso001       2706  561104704 AC1D2BAF0001 SIX AC1D2BAF00010303102223627108          xmlparser.c   969 ===>xmlProcessMsg: id[09_CAMPO_ADICIONAL], pos[46], len[1215].
E 01 I Thu Mar 03 10:22:23.632 2022         bniso001       2706  561104704 AC1D2BAF0001 SIX AC1D2BAF00010303102223627108          xmlparser.c   651 ===>xmlMain: Parser OK.
E 01 D Thu Mar 03 10:22:23.633 2022         bniso001       2706  561104704 AC1D2BAF0001 SIX AC1D2BAF00010303102223627108    IF_iso_to_inter.c    31 ===>IF_iso_to_inter: Starting IF_iso_to_inter.
E 01 D Thu Mar 03 10:22:23.633 2022         bniso001       2706  561104704 AC1D2BAF0001 SIX AC1D2BAF00010303102223627108        recaudacion.c    35 ===>setHeaderReq: Iniciando parseo header de la trama de requerimiento.
E 01 D Thu Mar 03 10:22:23.633 2022         bniso001       2706  561104704 AC1D2BAF0001 SIX AC1D2BAF00010303102223627108        recaudacion.c    40 ===>setHeaderReq: Terminando parseo header de la trama de requerimiento.
E 01 D Thu Mar 03 10:22:23.634 2022         bniso001       2706  561104704 AC1D2BAF0001 SIX AC1D2BAF00010303102223627108            rut8583.c  1247 ===>bnacion_to_msg_inter: nomprod[Banco de la Nacion] org_drv[52].
E 01 D Thu Mar 03 10:22:23.634 2022         bniso001       2706  561104704 AC1D2BAF0001 SIX AC1D2BAF00010303102223627108        recaudacion.c   354 ===>setReqBNConsultaPago: Parseando trama de requerimiento.
E 01 D Thu Mar 03 10:22:23.634 2022         bniso001       2706  561104704 AC1D2BAF0001 SIX AC1D2BAF00010303102223627108        recaudacion.c   360 ===>setReqBNConsultaPago: BN001[000002].
E 01 D Thu Mar 03 10:22:23.634 2022         bniso001       2706  561104704 AC1D2BAF0001 SIX AC1D2BAF00010303102223627108        recaudacion.c   361 ===>setReqBNConsultaPago: BN002[0001].
E 01 D Thu Mar 03 10:22:23.634 2022         bniso001       2706  561104704 AC1D2BAF0001 SIX AC1D2BAF00010303102223627108        recaudacion.c   364 ===>setReqBNConsultaPago: BN003[03].
E 01 D Thu Mar 03 10:22:23.635 2022         bniso001       2706  561104704 AC1D2BAF0001 SIX AC1D2BAF00010303102223627108        recaudacion.c   367 ===>setReqBNConsultaPago: BN004[019710032855        ].
E 01 D Thu Mar 03 10:22:23.635 2022         bniso001       2706  561104704 AC1D2BAF0001 SIX AC1D2BAF00010303102223627108        recaudacion.c   370 ===>setReqBNConsultaPago: BN005[2050].
E 01 D Thu Mar 03 10:22:23.635 2022         bniso001       2706  561104704 AC1D2BAF0001 SIX AC1D2BAF00010303102223627108        recaudacion.c   373 ===>setReqBNConsultaPago: BN006[9999].
E 01 D Thu Mar 03 10:22:23.635 2022         bniso001       2706  561104704 AC1D2BAF0001 SIX AC1D2BAF00010303102223627108        recaudacion.c   376 ===>setReqBNConsultaPago: BN007[01].
E 01 D Thu Mar 03 10:22:23.636 2022         bniso001       2706  561104704 AC1D2BAF0001 SIX AC1D2BAF00010303102223627108        recaudacion.c   379 ===>setReqBNConsultaPago: BN008[0018].
E 01 D Thu Mar 03 10:22:23.636 2022         bniso001       2706  561104704 AC1D2BAF0001 SIX AC1D2BAF00010303102223627108        recaudacion.c   383 ===>setReqBNConsultaPago: BN009[                                                                                                                                                                                                                                                                                                                                                                                                                                                                                                                                                                                                                                                                                                                                                                                                                                                                                                                                                                                                                                                                                                                                                                                                                                                               ].
E 01 D Thu Mar 03 10:22:23.636 2022         bniso001       2706  561104704 AC1D2BAF0001 SIX AC1D2BAF00010303102223627108        recaudacion.c   407 ===>checkReqBNConsultaPago: Verificando formato de los campos.
E 01 D Thu Mar 03 10:22:23.637 2022         bniso001       2706  561104704 AC1D2BAF0001 SIX AC1D2BAF00010303102223627108        recaudacion.c   446 ===>checkReqBNConsultaPago: Requerimiento paso verificacion.
E 01 D Thu Mar 03 10:22:23.637 2022         bniso001       2706  561104704 AC1D2BAF0001 SIX AC1D2BAF00010303102223627108        recaudacion.c   217 ===>setReqConsultaPago: MSGTYPE[200].
E 01 D Thu Mar 03 10:22:23.637 2022         bniso001       2706  561104704 AC1D2BAF0001 SIX AC1D2BAF00010303102223627108        recaudacion.c   224 ===>setReqConsultaPago: B002 LEN[16] PAN.
E 01 D Thu Mar 03 10:22:23.637 2022         bniso001       2706  561104704 AC1D2BAF0001 SIX AC1D2BAF00010303102223627108        recaudacion.c   229 ===>setReqConsultaPago: B003[010002].
E 01 D Thu Mar 03 10:22:23.638 2022         bniso001       2706  561104704 AC1D2BAF0001 SIX AC1D2BAF00010303102223627108        recaudacion.c   233 ===>setReqConsultaPago: B004[000000000000].
E 01 D Thu Mar 03 10:22:23.638 2022         bniso001       2706  561104704 AC1D2BAF0001 SIX AC1D2BAF00010303102223627108        recaudacion.c   238 ===>setReqConsultaPago: B007[0303][102223].
E 01 D Thu Mar 03 10:22:23.638 2022         bniso001       2706  561104704 AC1D2BAF0001 SIX AC1D2BAF00010303102223627108        recaudacion.c   242 ===>setReqConsultaPago: B011[943638].
E 01 D Thu Mar 03 10:22:23.639 2022         bniso001       2706  561104704 AC1D2BAF0001 SIX AC1D2BAF00010303102223627108        recaudacion.c   246 ===>setReqConsultaPago: B012[102223].
E 01 D Thu Mar 03 10:22:23.639 2022         bniso001       2706  561104704 AC1D2BAF0001 SIX AC1D2BAF00010303102223627108        recaudacion.c   250 ===>setReqConsultaPago: B013[0303].
E 01 D Thu Mar 03 10:22:23.639 2022         bniso001       2706  561104704 AC1D2BAF0001 SIX AC1D2BAF00010303102223627108        recaudacion.c   254 ===>setReqConsultaPago: B017[0303].
E 01 D Thu Mar 03 10:22:23.640 2022         bniso001       2706  561104704 AC1D2BAF0001 SIX AC1D2BAF00010303102223627108        recaudacion.c   258 ===>setReqConsultaPago: B022[000].
E 01 D Thu Mar 03 10:22:23.640 2022         bniso001       2706  561104704 AC1D2BAF0001 SIX AC1D2BAF00010303102223627108        recaudacion.c   262 ===>setReqConsultaPago: B025[01].
E 01 D Thu Mar 03 10:22:23.640 2022         bniso001       2706  561104704 AC1D2BAF0001 SIX AC1D2BAF00010303102223627108        recaudacion.c   267 ===>setReqConsultaPago: B032[04][2050].
E 01 D Thu Mar 03 10:22:23.640 2022         bniso001       2706  561104704 AC1D2BAF0001 SIX AC1D2BAF00010303102223627108        recaudacion.c   272 ===>setReqConsultaPago: B033[04][0018].
E 01 D Thu Mar 03 10:22:23.641 2022         bniso001       2706  561104704 AC1D2BAF0001 SIX AC1D2BAF00010303102223627108        recaudacion.c   276 ===>setReqConsultaPago: B037[943638220303].
E 01 D Thu Mar 03 10:22:23.641 2022         bniso001       2706  561104704 AC1D2BAF0001 SIX AC1D2BAF00010303102223627108        recaudacion.c   280 ===>setReqConsultaPago: B041[00000000].
E 01 D Thu Mar 03 10:22:23.641 2022         bniso001       2706  561104704 AC1D2BAF0001 SIX AC1D2BAF00010303102223627108        recaudacion.c   284 ===>setReqConsultaPago: B042[               ].
E 01 D Thu Mar 03 10:22:23.642 2022         bniso001       2706  561104704 AC1D2BAF0001 SIX AC1D2BAF00010303102223627108        recaudacion.c   289 ===>setReqConsultaPago: B049[604].
E 01 D Thu Mar 03 10:22:23.642 2022         bniso001       2706  561104704 AC1D2BAF0001 SIX AC1D2BAF00010303102223627108        recaudacion.c   298 ===>setReqConsultaPago: B120 LEN[22] record_data.
E 01 D Thu Mar 03 10:22:23.642 2022         bniso001       2706  561104704 AC1D2BAF0001 SIX AC1D2BAF00010303102223627108        recaudacion.c   305 ===>setReqConsultaPago: La trama completa ira en los campos B126 y B127.
E 01 D Thu Mar 03 10:22:23.642 2022         bniso001       2706  561104704 AC1D2BAF0001 SIX AC1D2BAF00010303102223627108        recaudacion.c   327 ===>setReqConsultaPago: msg->bin_acct_1 [909081].
E 01 D Thu Mar 03 10:22:23.643 2022         bniso001       2706  561104704 AC1D2BAF0001 SIX AC1D2BAF00010303102223627108    IF_iso_to_inter.c    46 ===>IF_iso_to_inter: Ending IF_iso_to_inter.
E 01 N Thu Mar 03 10:22:23.643 2022         bniso001       2706  561104704 AC1D2BAF0001 SIX AC1D2BAF00010303102223627108             varios.c  1009 ===>tracemsg: 1220303 102223 bniso001     M[0200] P[010002] T[943638] RC[] rinst[] msgid[SIX AC1D2BAF00010303102223627108] [TX SWREQ].
E 01 D Thu Mar 03 10:22:23.643 2022         bniso001       2706  561104704 AC1D2BAF0001 SIX AC1D2BAF00010303102223627108              IF_tx.c    49 ===>IF_tx: Sending [8016]bytes to appl[SWREQ].
E 01 D Thu Mar 03 10:22:23.644 2022         bniso001       2706  561104704 AC1D2BAF0001 SIX AC1D2BAF00010303102223627108              IF_tx.c    58 ===>IF_tx: Message sent to appl[SWREQ].
E 01 N Thu Mar 03 10:22:23.644 2022            swreq      25433 2007144640 AC1D2BAF0001 SIX AC1D2BAF00010303102223627108             varios.c  1009 ===>tracemsg: 1220303 102223 swi_rq       M[0200] P[010002] T[943638] RC[] rinst[] msgid[SIX AC1D2BAF00010303102223627108] [BNISO001].
E 01 I Thu Mar 03 10:22:23.644 2022            swreq      25433 2007144640 AC1D2BAF0001 SIX AC1D2BAF00010303102223627108             swi_rq.c   389 ===>swi_rq: msgtype[200] header[] date_capture[20220303].
E 01 D Thu Mar 03 10:22:23.645 2022            swreq      25433 2007144640 AC1D2BAF0001 SIX AC1D2BAF00010303102223627108            rut_swi.c  2053 ===>update_est_sw: actualiza contadores [] [200].
E 01 D Thu Mar 03 10:22:23.645 2022            swreq      25433 2007144640 AC1D2BAF0001 SIX AC1D2BAF00010303102223627108             swi_rq.c   395 ===>swi_rq: time_stamp [].
E 01 D Thu Mar 03 10:22:23.645 2022            swreq      25433 2007144640 AC1D2BAF0001 SIX AC1D2BAF00010303102223627108             swi_rq.c   396 ===>swi_rq: ORG-DRV [52].
E 01 D Thu Mar 03 10:22:23.646 2022            swreq      25433 2007144640 AC1D2BAF0001 SIX AC1D2BAF00010303102223627108             rutshm.c  1421 ===>chk_bin:  index_bin [4] bin[404910] len_bin [6].
E 01 D Thu Mar 03 10:22:23.646 2022            swreq      25433 2007144640 AC1D2BAF0001 SIX AC1D2BAF00010303102223627108             rutshm.c  1432 ===>chk_bin: MAXBINTABLE(200).
E 01 D Thu Mar 03 10:22:23.646 2022            swreq      25433 2007144640 AC1D2BAF0001 SIX AC1D2BAF00010303102223627108             rutshm.c  1433 ===>chk_bin: binshm_tmp.bin LENGTH [6].
E 01 D Thu Mar 03 10:22:23.646 2022            swreq      25433 2007144640 AC1D2BAF0001 SIX AC1D2BAF00010303102223627108             swi_rq.c  1038 ===>rut_msg_0200: rut_msg_0200: msg->merchant [0].
E 01 D Thu Mar 03 10:22:23.647 2022            swreq      25433 2007144640 AC1D2BAF0001 SIX AC1D2BAF00010303102223627108             swi_rq.c  1039 ===>rut_msg_0200: rut_msg_0200: Pan:LEN[16], idx_bin[4].
E 01 D Thu Mar 03 10:22:23.647 2022            swreq      25433 2007144640 AC1D2BAF0001 SIX AC1D2BAF00010303102223627108             swi_rq.c  1040 ===>rut_msg_0200: rut_msg_0200: req_inst [] header+20 [Z0001TCP].
E 01 D Thu Mar 03 10:22:23.647 2022            swreq      25433 2007144640 AC1D2BAF0001 SIX AC1D2BAF00010303102223627108             swi_rq.c  1050 ===>rut_msg_0200: rut_msg_0200: Antes de validar date_capture.
E 01 D Thu Mar 03 10:22:23.647 2022            swreq      25433 2007144640 AC1D2BAF0001 SIX AC1D2BAF00010303102223627108             swi_rq.c  1074 ===>rut_msg_0200: rut_msg_0200: Antes de put_txn_tbl.
E 01 D Thu Mar 03 10:22:23.648 2022            swreq      25433 2007144640 AC1D2BAF0001 SIX AC1D2BAF00010303102223627108         eft_txnlog.c    81 ===>put_txn_tbl: Iniciando....
E 01 D Thu Mar 03 10:22:23.648 2022            swreq      25433 2007144640 AC1D2BAF0001 SIX AC1D2BAF00010303102223627108         eft_txnlog.c    91 ===>put_txn_tbl: Se creara json....
E 01 D Thu Mar 03 10:22:23.648 2022            swreq      25433 2007144640 AC1D2BAF0001 SIX AC1D2BAF00010303102223627108         eft_txnlog.c   102 ===>put_txn_tbl: Modo PCI (Y) se utilizan bitmaps para formar el json..
E 01 D Thu Mar 03 10:22:23.649 2022            swreq      25433 2007144640 AC1D2BAF0001 SIX AC1D2BAF00010303102223627108        eft_support.c   108 ===>set_msg_int_json: bitmap = [F23AC4818CE084100000000050000220].
E 01 D Thu Mar 03 10:22:23.649 2022            swreq      25433 2007144640 AC1D2BAF0001 SIX AC1D2BAF00010303102223627108         eft_txnlog.c   108 ===>put_txn_tbl: Se va a enmascarar el PAN.
E 01 D Thu Mar 03 10:22:23.649 2022            swreq      25433 2007144640 AC1D2BAF0001 SIX AC1D2BAF00010303102223627108         eft_txnlog.c   123 ===>put_txn_tbl: Se va a cifrar el PAN.
E 01 D Thu Mar 03 10:22:23.649 2022            swreq      25433 2007144640 AC1D2BAF0001 SIX AC1D2BAF00010303102223627108        pci_support.c  2174 ===>cifrar_pan_dek:  Ingresa a cifrar_pan_dek .
E 01 D Thu Mar 03 10:22:23.650 2022            swreq      25433 2007144640 AC1D2BAF0001 SIX AC1D2BAF00010303102223627108        pci_support.c  2188 ===>cifrar_data_dek:  Ingresa a cifrar_data_dek .
E 01 D Thu Mar 03 10:22:23.650 2022            swreq      25433 2007144640 AC1D2BAF0001 SIX AC1D2BAF00010303102223627108       eft_security.c   248 ===>interface_cifrar_data_dek:  Ingresa a interface_cifrar_data_dek .
E 01 D Thu Mar 03 10:22:23.650 2022            swreq      25433 2007144640 AC1D2BAF0001 SIX AC1D2BAF00010303102223627108       eft_security.c   250 ===>interface_cifrar_data_dek: recibo 16 bytes.
E 01 D Thu Mar 03 10:22:23.651 2022            swreq      25433 2007144640 AC1D2BAF0001 SIX AC1D2BAF00010303102223627108       eft_security.c   263 ===>interface_cifrar_data_dek: Convertimos en hexa la data .
E 01 D Thu Mar 03 10:22:23.651 2022            swreq      25433 2007144640 AC1D2BAF0001 SIX AC1D2BAF00010303102223627108       eft_security.c   277 ===>interface_cifrar_data_dek: Hexadecimal: data mantiene su longitud.
E 01 D Thu Mar 03 10:22:23.651 2022            swreq      25433 2007144640 AC1D2BAF0001 SIX AC1D2BAF00010303102223627108       eft_security.c   288 ===>interface_cifrar_data_dek: num_bloq[1].
E 01 D Thu Mar 03 10:22:23.651 2022            swreq      25433 2007144640 AC1D2BAF0001 SIX AC1D2BAF00010303102223627108       eft_security.c   302 ===>interface_cifrar_data_dek: Long data a enviar[32].
E 01 D Thu Mar 03 10:22:23.652 2022            swreq      25433 2007144640 AC1D2BAF0001 00000000000000000000000000000000       rutsegnew300.c  4856 ===>val_data: data:sTip_algorit[00],sTip_clave[1],len(sKsn)[0],sTip_fuente[1],sBin[404910     ],sIv[0],len(sData)[32].
E 01 D Thu Mar 03 10:22:23.652 2022            swreq      25433 2007144640 AC1D2BAF0001 00000000000000000000000000000000       rutsegnew300.c  6634 ===>ms_cifrar_data_P0: En funcion ms_cifrar_data_P0 .
E 01 I Thu Mar 03 10:22:23.652 2022            swreq      25433 2007144640 AC1D2BAF0001 00000000000000000000000000000000    seg_asyn110.LX3.c   144 ===>fun_sndrcv: cod_ope [P0] .
E 01 I Thu Mar 03 10:22:23.653 2022            swreq      25433 2007144640 AC1D2BAF0001 00000000000000000000000000000000    seg_asyn110.LX3.c   233 ===>busca_envia_recibe: SINC Abri File : (/home/stp/compaeft/tbl/tblracal/cod_seg.cfg).
E 01 I Thu Mar 03 10:22:23.653 2022            swreq      25433 2007144640 AC1D2BAF0001 00000000000000000000000000000000    seg_asyn110.LX3.c   251 ===>busca_envia_recibe: Servidor 1: RACAL.
E 01 I Thu Mar 03 10:22:23.653 2022            swreq      25433 2007144640 AC1D2BAF0001 SIX AC1D2BAF00010303102223627108         six_applic.c   130 ===>six_applic: writing 62 bytes message to app server(RACAL/15761445/T:SIX AC1D2BAF00010303102223627108).
E 01 I Thu Mar 03 10:22:23.654 2022            swreq      25433 2007144640 AC1D2BAF0001 SIX AC1D2BAF00010303102223627108         six_applic.c   174 ===>six_applic: reading message from app server(RACAL/15794214).
E 01 D Thu Mar 03 10:22:23.655 2022            racal      29706 1769965504 AC1D2BAF0001 00000000000000000000000000000000           drvracal.c   149 ===>debug_io: Trama Recibida: length: [62] - buffer [5030353338383331303031313132313430343931302020202020303033323334333033343339333133303330333033303330333033303330333033303330].
E 01 D Thu Mar 03 10:22:23.655 2022            racal      29706 1769965504 AC1D2BAF0001 00000000000000000000000000000000          rutvalida.c   162 ===>valida: Flag comando protegido = [1].
E 01 D Thu Mar 03 10:22:23.655 2022            racal      29706 1769965504 AC1D2BAF0001 00000000000000000000000000000000          rutvalida.c   166 ===>valida: Trama Entrada=[P0538831] .
E 01 D Thu Mar 03 10:22:23.656 2022            racal      29706 1769965504 AC1D2BAF0001 00000000000000000000000000000000          rutvalida.c   173 ===>valida: Codigo Operacion[P0] .
E 01 D Thu Mar 03 10:22:23.656 2022            racal      29706 1769965504 AC1D2BAF0001 00000000000000000000000000000000          rutvalida.c  1525 ===>valida: Trama P0 [P0538831].
E 01 D Thu Mar 03 10:22:23.656 2022            racal      29706 1769965504 AC1D2BAF0001 00000000000000000000000000000000        rutseg1_mek.c   165 ===>arma_trama_encripta_mek: szcod_inst: [404910].
E 01 D Thu Mar 03 10:22:23.657 2022            racal      29706 1769965504 AC1D2BAF0001 00000000000000000000000000000000        rutseg1_mek.c   286 ===>arma_trama_encripta_mek: nLenMsgIn[32].
E 01 D Thu Mar 03 10:22:23.657 2022            racal      29706 1769965504 AC1D2BAF0001 00000000000000000000000000000000        rutseg1_mek.c   345 ===>arma_trama_encripta_mek: szcod_inst [404910].
E 01 I Thu Mar 03 10:22:23.657 2022            racal      29706 1769965504 AC1D2BAF0001 00000000000000000000000000000000        rutseg1_mek.c   448 ===>arma_trama_encripta_mek: Longitud comando M0: [62].
E 01 D Thu Mar 03 10:22:23.657 2022            racal      29706 1769965504 AC1D2BAF0001 00000000000000000000000000000000          rutvalida.c  1584 ===>valida: Longitud Trama Generada=[105].
E 01 D Thu Mar 03 10:22:23.658 2022            racal      29706 1769965504 AC1D2BAF0001 00000000000000000000000000000000          rutvalida.c  1603 ===>valida: secuencia [538831].
E 01 D Thu Mar 03 10:22:23.658 2022            racal      29706 1769965504 AC1D2BAF0001 00000000000000000000000000000000           drvracal.c   149 ===>debug_io: Trama Generada: length: [105] - buffer [636D73674D30303031313030425437353345364530413944323830453746393942444242304143414242463530394541334245333938304332333044304630303230333433303334333933313330333033303330333033303330333033303330333019353338383331].
E 01 D Thu Mar 03 10:22:23.658 2022            racal      29706 1769965504 AC1D2BAF0001 00000000000000000000000000000000           drvracal.c   788 ===>racal: Envio a Racal: [105][cmsgM00011].
E 01 D Thu Mar 03 10:22:23.659 2022            racal      29706 1769965504 AC1D2BAF0001 00000000000000000000000000000000             rutdes.c   384 ===>modulo_seguridad_bin: num_reinte_snd_tmp[3].
E 01 I Thu Mar 03 10:22:23.660 2022            racal      29706 1769965504 AC1D2BAF0001 00000000000000000000000000000000           net_send.c    42 ===>net_send: sending 105 bytes to ATM.
E 01 D Thu Mar 03 10:22:23.660 2022            racal      29706 1769965504 AC1D2BAF0001 00000000000000000000000000000000        tcp_chksock.c    59 ===>tcp_chksock: not pending data, socket status active.
E 01 D Thu Mar 03 10:22:23.660 2022            racal      29706 1769965504 AC1D2BAF0001 00000000000000000000000000000000         net_writen.c    31 ===>net_writen: data net writen(107)
.
E 01 D Thu Mar 03 10:22:23.660 2022            racal      29706 1769965504 AC1D2BAF0001 00000000000000000000000000000000          tcp_racal.c   199 ===>recibe_racal_tcp: to_msg [60].
E 01 D Thu Mar 03 10:22:23.661 2022            racal      29706 1769965504 AC1D2BAF0001 00000000000000000000000000000000        tcp_chksock.c    59 ===>tcp_chksock: not pending data, socket status active.
E 01 I Thu Mar 03 10:22:23.665 2022            racal      29706 1769965504 AC1D2BAF0001 00000000000000000000000000000000           net_recv.c   114 ===>net_recv: receiving 51 bytes.
E 01 D Thu Mar 03 10:22:23.665 2022            racal      29706 1769965504 AC1D2BAF0001 00000000000000000000000000000000          tcp_racal.c   227 ===>recibe_racal_tcp: Recepcion tcp [51] bytes.
E 01 D Thu Mar 03 10:22:23.666 2022            racal      29706 1769965504 AC1D2BAF0001 00000000000000000000000000000000           drvracal.c   810 ===>racal: Recibo de Racal: [cmsgM100].
E 01 D Thu Mar 03 10:22:23.666 2022            racal      29706 1769965504 AC1D2BAF0001 00000000000000000000000000000000           drvracal.c   149 ===>debug_io: Recibo de Racal: length: [51] - buffer [636D73674D31303030303230303744323444393845343337374245364633393339463943333033374538413519353338383331].
E 01 D Thu Mar 03 10:22:23.666 2022            racal      29706 1769965504 AC1D2BAF0001 00000000000000000000000000000000          rutvalida.c  2342 ===>arma_resp_cmdbin: codope [M1].
E 01 D Thu Mar 03 10:22:23.667 2022            racal      29706 1769965504 AC1D2BAF0001 00000000000000000000000000000000          rutvalida.c  2344 ===>arma_resp_cmdbin: codresp [00].
E 01 D Thu Mar 03 10:22:23.667 2022            racal      29706 1769965504 AC1D2BAF0001 00000000000000000000000000000000             varios.c  1462 ===>hex_to_int: Numero hexadecimal [0020].
E 01 D Thu Mar 03 10:22:23.667 2022            racal      29706 1769965504 AC1D2BAF0001 00000000000000000000000000000000             varios.c  1490 ===>hex_to_int: Numero decimal [32].
E 01 D Thu Mar 03 10:22:23.668 2022            racal      29706 1769965504 AC1D2BAF0001 00000000000000000000000000000000          rutvalida.c  2695 ===>arma_resp_cmdbin: tTrama Len [52] Data (por seguridad solo se muestran 10 bytes) [P153883100].
E 01 D Thu Mar 03 10:22:23.668 2022            racal      29706 1769965504 AC1D2BAF0001 00000000000000000000000000000000           drvracal.c   149 ===>debug_io: Envio respuesta: length: [52] - buffer [50313533383833313030303033323037443234443938453433373742453646333933394639433330333745384135303030303030].
E 01 I Thu Mar 03 10:22:23.668 2022            swreq      25433 2007144640 AC1D2BAF0001 SIX AC1D2BAF00010303102223627108         six_applic.c   183 ===>six_applic: 52 bytes message read from app server(RACAL/15794214).
E 01 I Thu Mar 03 10:22:23.669 2022            swreq      25433 2007144640 AC1D2BAF0001 00000000000000000000000000000000         rst_mentry.c    67 ===>rst_mentry: mess_entry 25433 cleared from shm table.
E 01 I Thu Mar 03 10:22:23.669 2022            swreq      25433 2007144640 AC1D2BAF0001 00000000000000000000000000000000    seg_asyn110.LX3.c   268 ===>busca_envia_recibe: Se envio al servidor RACAL.
E 01 I Thu Mar 03 10:22:23.669 2022            swreq      25433 2007144640 AC1D2BAF0001 00000000000000000000000000000000    seg_asyn110.LX3.c   149 ===>fun_sndrcv: server().
E 01 D Thu Mar 03 10:22:23.670 2022            swreq      25433 2007144640 AC1D2BAF0001 00000000000000000000000000000000       rutsegnew300.c   407 ===>verifica_trama_rpta: c_rpta(P1).
E 01 D Thu Mar 03 10:22:23.670 2022            swreq      25433 2007144640 AC1D2BAF0001 00000000000000000000000000000000       rutsegnew300.c   413 ===>verifica_trama_rpta: sec_rpta(538831).
E 01 D Thu Mar 03 10:22:23.670 2022            swreq      25433 2007144640 AC1D2BAF0001 SIX AC1D2BAF00010303102223627108       eft_security.c   331 ===>interface_cifrar_data_dek: numero de secuencia[000000].
E 01 D Thu Mar 03 10:22:23.670 2022            swreq      25433 2007144640 AC1D2BAF0001 SIX AC1D2BAF00010303102223627108       eft_security.c   333 ===>interface_cifrar_data_dek:  Saliendo de interface_cifrar_data_dek len[32].
E 01 D Thu Mar 03 10:22:23.670 2022            swreq      25433 2007144640 AC1D2BAF0001 SIX AC1D2BAF00010303102223627108         eft_txnlog.c   136 ===>put_txn_tbl: PAN CIFRADO: wpan_cifrado len[32], wsecuencial_key[0].
E 01 D Thu Mar 03 10:22:23.671 2022            swreq      25433 2007144640 AC1D2BAF0001 SIX AC1D2BAF00010303102223627108         eft_txnlog.c   208 ===>put_txn_tbl: msg->date_exp:LEN[0].
E 01 D Thu Mar 03 10:22:23.671 2022            swreq      25433 2007144640 AC1D2BAF0001 SIX AC1D2BAF00010303102223627108         eft_txnlog.c   222 ===>put_txn_tbl: Parametro json listo..
E 01 D Thu Mar 03 10:22:23.671 2022            swreq      25433 2007144640 AC1D2BAF0001 SIX AC1D2BAF00010303102223627108         eft_txnlog.c   226 ===>put_txn_tbl: Antes de ejecutar el SP....
E 01 D Thu Mar 03 10:22:23.698 2022            swreq      25433 2007144640 AC1D2BAF0001 SIX AC1D2BAF00010303102223627108         eft_txnlog.c   237 ===>put_txn_tbl: rc = [0].
E 01 D Thu Mar 03 10:22:23.698 2022            swreq      25433 2007144640 AC1D2BAF0001 SIX AC1D2BAF00010303102223627108         eft_txnlog.c   245 ===>put_txn_tbl: LOG BD: [
		BD[INSERT_TO_TXNLOG][701024] ===> Empezando SP...
		BD[INSERT_TO_TXNLOG][701024] ===> Parseando jsons....
		BD[INSERT_TO_TXNLOG][701024] ===> Registros listos.
		BD[INSERT_TO_TXNLOG][701024] ===> msg.msgtype:200
		BD[INSERT_TO_TXNLOG][701024] ===> msg.trace:943638
		BD[INSERT_TO_TXNLOG][701024] ===> msg.point_cond_code:1
		BD[INSERT_TO_TXNLOG][701024] ===> msg.refnum:943638220303
		BD[INSERT_TO_TXNLOG][701024] ===> wTIME:1646320943
		BD[INSERT_TO_TXNLOG][701024] ===> PAN: 404910******0000
		BD[INSERT_TO_TXNLOG][701024] ===> bin_key: 404910
		BD[INSERT_TO_TXNLOG][701024] ===> wsecuencial_key: 0
		BD[INSERT_TO_TXNLOG][701024] ===> Antes del INSERT
		BD[INSERT_TO_TXNLOG][701024] ===> VOY A REALIZAR EL COMMIT
		BD[INSERT_TO_TXNLOG][701024] ===>  ROWCOUNT: 1
		BD[INSERT_TO_TXNLOG][701024] ===> v_rowid: 3836590
		BD[INSERT_TO_TXNLOG][701024] ===> INSERTO EN LA TABLA TXNLOG
		BD[INSERT_TO_TXNLOG][701024] ===> Se insertara row_id en buffer
			BD[SPI_CTRL_TXNLOG][701024] ===> empezamos:SPI_CTRL_TXNLOG
			BD[SPI_CTRL_TXNLOG][701024] ===> Se actualizo cola_temporal con trace:943638
		BD[SPI_CTRL_TXNLOG][701024] ===> Fin
		BD[INSERT_TO_TXNLOG][701024] ===> FIN
].
E 01 I Thu Mar 03 10:22:23.699 2022            swreq      25433 2007144640 AC1D2BAF0001 SIX AC1D2BAF00010303102223627108         eft_txnlog.c   249 ===>put_txn_tbl: INSERTO EN LA TABLA TXNLOG.
E 01 D Thu Mar 03 10:22:23.699 2022            swreq      25433 2007144640 AC1D2BAF0001 SIX AC1D2BAF00010303102223627108         eft_txnlog.c   274 ===>put_txn_tbl: Tiempo de respuesta en BD, 27 milisegundos.
E 01 D Thu Mar 03 10:22:23.699 2022            swreq      25433 2007144640 AC1D2BAF0001 SIX AC1D2BAF00010303102223627108             swi_rq.c  1108 ===>rut_msg_0200: SWITCH configurado para no validar fecha de expiraci n de la tarjeta.
E 01 D Thu Mar 03 10:22:23.699 2022            swreq      25433 2007144640 AC1D2BAF0001 SIX AC1D2BAF00010303102223627108             swi_rq.c  1115 ===>rut_msg_0200: rut_msg_0200: prcode [10002].
E 01 D Thu Mar 03 10:22:23.700 2022            swreq      25433 2007144640 AC1D2BAF0001 SIX AC1D2BAF00010303102223627108             rutshm.c  1349 ===>find_prcode: find_prcode.
E 01 D Thu Mar 03 10:22:23.700 2022            swreq      25433 2007144640 AC1D2BAF0001 SIX AC1D2BAF00010303102223627108             swi_rq.c  1132 ===>rut_msg_0200: rut_msg_0200: FOREIGN [-1].
E 01 D Thu Mar 03 10:22:23.700 2022            swreq      25433 2007144640 AC1D2BAF0001 SIX AC1D2BAF00010303102223627108             swi_rq.c  1133 ===>rut_msg_0200: rut_msg_0200: idx_bin [4].
E 01 D Thu Mar 03 10:22:23.700 2022            swreq      25433 2007144640 AC1D2BAF0001 SIX AC1D2BAF00010303102223627108             swi_rq.c  1197 ===>rut_msg_0200: rut_msg_0200: reg_control [].
E 01 D Thu Mar 03 10:22:23.701 2022            swreq      25433 2007144640 AC1D2BAF0001 SIX AC1D2BAF00010303102223627108             swi_rq.c  1222 ===>rut_msg_0200: rut_msg_0200: req_inst [1].
E 01 D Thu Mar 03 10:22:23.701 2022            swreq      25433 2007144640 AC1D2BAF0001 SIX AC1D2BAF00010303102223627108             rutshm.c  1421 ===>chk_bin:  index_bin [4] bin[404910] len_bin [6].
E 01 D Thu Mar 03 10:22:23.701 2022            swreq      25433 2007144640 AC1D2BAF0001 SIX AC1D2BAF00010303102223627108             rutshm.c  1432 ===>chk_bin: MAXBINTABLE(200).
E 01 D Thu Mar 03 10:22:23.701 2022            swreq      25433 2007144640 AC1D2BAF0001 SIX AC1D2BAF00010303102223627108             rutshm.c  1433 ===>chk_bin: binshm_tmp.bin LENGTH [6].
E 01 D Thu Mar 03 10:22:23.702 2022            swreq      25433 2007144640 AC1D2BAF0001 SIX AC1D2BAF00010303102223627108             swi_rq.c  4435 ===>get_req_inst: forw_inst[0018] prcode[10002].
E 01 D Thu Mar 03 10:22:23.702 2022            swreq      25433 2007144640 AC1D2BAF0001 SIX AC1D2BAF00010303102223627108             rutshm.c  1979 ===>get_iso_shm: Entre a get_iso_shm.
E 01 D Thu Mar 03 10:22:23.702 2022            swreq      25433 2007144640 AC1D2BAF0001 SIX AC1D2BAF00010303102223627108             rutshm.c  1985 ===>get_iso_shm: bintmp2 [0018].
E 01 D Thu Mar 03 10:22:23.703 2022            swreq      25433 2007144640 AC1D2BAF0001 SIX AC1D2BAF00010303102223627108             rutshm.c  1986 ===>get_iso_shm: prcode [10002].
E 01 D Thu Mar 03 10:22:23.703 2022            swreq      25433 2007144640 AC1D2BAF0001 SIX AC1D2BAF00010303102223627108             rutshm.c  2057 ===>get_netid: nomapppl [MSG800].
E 01 D Thu Mar 03 10:22:23.703 2022            swreq      25433 2007144640 AC1D2BAF0001 SIX AC1D2BAF00010303102223627108             swi_rq.c  4460 ===>get_req_inst: routing [2].
E 01 I Thu Mar 03 10:22:23.703 2022            swreq      25433 2007144640 AC1D2BAF0001 SIX AC1D2BAF00010303102223627108             rutshm.c  1838 ===>get_bin_ruteo_t: BIN [909081]  TYPETERM[52].
E 01 D Thu Mar 03 10:22:23.704 2022            swreq      25433 2007144640 AC1D2BAF0001 SIX AC1D2BAF00010303102223627108             swi_rq.c  4619 ===>get_req_inst: msg->req_inst [909081], msg->bin_acct_1 [909081], bin_acct_2[].
E 01 D Thu Mar 03 10:22:23.704 2022            swreq      25433 2007144640 AC1D2BAF0001 SIX AC1D2BAF00010303102223627108             swi_rq.c  1236 ===>rut_msg_0200: req_inst (909081).
E 01 D Thu Mar 03 10:22:23.704 2022            swreq      25433 2007144640 AC1D2BAF0001 SIX AC1D2BAF00010303102223627108            rut_swi.c  2656 ===>donde_envio_txn: req_inst [909081].
E 01 D Thu Mar 03 10:22:23.704 2022            swreq      25433 2007144640 AC1D2BAF0001 SIX AC1D2BAF00010303102223627108             rutshm.c  1556 ===>get_codrut: CODIGO DE RUTEO (909081) len(6).
E 01 D Thu Mar 03 10:22:23.705 2022            swreq      25433 2007144640 AC1D2BAF0001 SIX AC1D2BAF00010303102223627108            rut_swi.c  2667 ===>donde_envio_txn: idx [17].
E 01 I Thu Mar 03 10:22:23.705 2022            swreq      25433 2007144640 AC1D2BAF0001 SIX AC1D2BAF00010303102223627108            rut_swi.c  2670 ===>donde_envio_txn: nivel_aut [1] nivel_aut_actual [1] tipo_aut [1] F_online [1] .
E 01 D Thu Mar 03 10:22:23.705 2022            swreq      25433 2007144640 AC1D2BAF0001 SIX AC1D2BAF00010303102223627108             swi_rq.c   518 ===>swi_rq: time_stamp [].
E 01 D Thu Mar 03 10:22:23.705 2022            swreq      25433 2007144640 AC1D2BAF0001 SIX AC1D2BAF00010303102223627108             rutshm.c  1556 ===>get_codrut: CODIGO DE RUTEO (909081) len(6).
E 01 D Thu Mar 03 10:22:23.705 2022            swreq      25433 2007144640 AC1D2BAF0001 SIX AC1D2BAF00010303102223627108             swi_rq.c   540 ===>swi_rq: idx_rut=17 bin_rut=909081 .
E 01 I Thu Mar 03 10:22:23.706 2022            swreq      25433 2007144640 AC1D2BAF0001 SIX AC1D2BAF00010303102223627108             swi_rq.c   544 ===>swi_rq: Enviare a =(2).
E 01 I Thu Mar 03 10:22:23.706 2022            swreq      25433 2007144640 AC1D2BAF0001 SIX AC1D2BAF00010303102223627108             swi_rq.c   638 ===>swi_rq: SNDBCO.
E 01 D Thu Mar 03 10:22:23.706 2022            swreq      25433 2007144640 AC1D2BAF0001 SIX AC1D2BAF00010303102223627108            rut_swi.c  1083 ===>snd_bco: snd_bco.
E 01 D Thu Mar 03 10:22:23.707 2022            swreq      25433 2007144640 AC1D2BAF0001 SIX AC1D2BAF00010303102223627108            rut_swi.c  1088 ===>snd_bco: entra_net:DATA[0], msg->msgtype:DATA[200].
E 01 D Thu Mar 03 10:22:23.707 2022            swreq      25433 2007144640 AC1D2BAF0001 SIX AC1D2BAF00010303102223627108            rut_swi.c  1117 ===>snd_bco: entra_net:DATA[0], msg->req_inst:DATA[909081].
E 01 D Thu Mar 03 10:22:23.707 2022            swreq      25433 2007144640 AC1D2BAF0001 SIX AC1D2BAF00010303102223627108             rutshm.c  1556 ===>get_codrut: CODIGO DE RUTEO (909081) len(6).
E 01 I Thu Mar 03 10:22:23.707 2022            swreq      25433 2007144640 AC1D2BAF0001 SIX AC1D2BAF00010303102223627108            rut_swi.c  1212 ===>snd_bco: Enviare a = (RCBNAFMT) envsw:0.
E 01 D Thu Mar 03 10:22:23.708 2022            swreq      25433 2007144640 AC1D2BAF0001 SIX AC1D2BAF00010303102223627108            rut_swi.c  1223 ===>snd_bco: msgtype:DATA[200] org_drv:DATA[52].
E 01 D Thu Mar 03 10:22:23.708 2022            swreq      25433 2007144640 AC1D2BAF0001 SIX AC1D2BAF00010303102223627108            rut_swi.c  1224 ===>snd_bco: idx[17].
E 01 N Thu Mar 03 10:22:23.709 2022         rcbna003      12729  400230208 AC1D2BAF0001 SIX AC1D2BAF00010303102223627108             varios.c  1009 ===>tracemsg: 1220303 102223 rcbna003     M[0200] P[010002] T[943638] RC[000] rinst[909081] msgid[SIX AC1D2BAF00010303102223627108] [RX SWREQ].
E 01 D Thu Mar 03 10:22:23.709 2022            swreq      25433 2007144640 AC1D2BAF0001 SIX AC1D2BAF00010303102223627108            rut_swi.c   100 ===>put_wait_que: Ingresa a put_wait_que.
E 01 D Thu Mar 03 10:22:23.709 2022         rcbna003      12729  400230208 AC1D2BAF0001 SIX AC1D2BAF00010303102223627108              IF_rx.c    90 ===>IF_rx: applfrom[SWREQ] isomsglen[8016].
E 01 D Thu Mar 03 10:22:23.709 2022            swreq      25433 2007144640 AC1D2BAF0001 SIX AC1D2BAF00010303102223627108            rut_swi.c   112 ===>put_wait_que: msg->msgtype[200].
E 01 D Thu Mar 03 10:22:23.709 2022         rcbna003      12729  400230208 AC1D2BAF0001 SIX AC1D2BAF00010303102223627108              IF_rx.c    94 ===>IF_rx: On the way back we should send the msg to [SWREQ].
E 01 D Thu Mar 03 10:22:23.709 2022            swreq      25433 2007144640 AC1D2BAF0001 SIX AC1D2BAF00010303102223627108             rutshm.c  1556 ===>get_codrut: CODIGO DE RUTEO (909081) len(6).
E 01 D Thu Mar 03 10:22:23.710 2022         rcbna003      12729  400230208 AC1D2BAF0001 SIX AC1D2BAF00010303102223627108              IF_rx.c   172 ===>IF_rx: Ending IF_rx.
E 01 D Thu Mar 03 10:22:23.710 2022         rcbna003      12729  400230208 AC1D2BAF0001 SIX AC1D2BAF00010303102223627108     IF_iso_to_srv1.c    16 ===>IF_iso_to_srv1: Starting IF_iso_to_srv1.
E 01 D Thu Mar 03 10:22:23.710 2022         rcbna003      12729  400230208 AC1D2BAF0001 SIX AC1D2BAF00010303102223627108    IF_inter_to_iso.c    26 ===>IF_inter_to_iso: Starting IF_inter_to_iso.
E 01 D Thu Mar 03 10:22:23.710 2022         rcbna003      12729  400230208 AC1D2BAF0001 SIX AC1D2BAF00010303102223627108   IF_adjust_fields.c    30 ===>IF_adjust_fields: starting IF_adjust_fields.
E 01 D Thu Mar 03 10:22:23.711 2022         rcbna003      12729  400230208 AC1D2BAF0001 SIX AC1D2BAF00010303102223627108   IF_adjust_fields.c    37 ===>IF_adjust_fields: ending IF_adjust_fields.
E 01 D Thu Mar 03 10:22:23.711 2022         rcbna003      12729  400230208 AC1D2BAF0001 SIX AC1D2BAF00010303102223627108            rut8583.c   245 ===>msg_inter_to_iso_8583: bin[909081] nomprod[RECAUDACION].
E 01 D Thu Mar 03 10:22:23.711 2022         rcbna003      12729  400230208 AC1D2BAF0001 SIX AC1D2BAF00010303102223627108            rut8583.c   249 ===>msg_inter_to_iso_8583: msg->prcode [10002].
E 01 D Thu Mar 03 10:22:23.711 2022         rcbna003      12729  400230208 AC1D2BAF0001 SIX AC1D2BAF00010303102223627108             rutshm.c  2470 ===>lee_bmps: bin[909081] prcode[10002] msgtype[200].
E 01 D Thu Mar 03 10:22:23.712 2022         rcbna003      12729  400230208 AC1D2BAF0001 SIX AC1D2BAF00010303102223627108             rutshm.c  1979 ===>get_iso_shm: Entre a get_iso_shm.
E 01 D Thu Mar 03 10:22:23.712 2022         rcbna003      12729  400230208 AC1D2BAF0001 SIX AC1D2BAF00010303102223627108             rutshm.c  1985 ===>get_iso_shm: bintmp2 [909081].
E 01 D Thu Mar 03 10:22:23.712 2022         rcbna003      12729  400230208 AC1D2BAF0001 SIX AC1D2BAF00010303102223627108             rutshm.c  1986 ===>get_iso_shm: prcode [10002].
E 01 D Thu Mar 03 10:22:23.713 2022         rcbna003      12729  400230208 AC1D2BAF0001 SIX AC1D2BAF00010303102223627108            rut8583.c   292 ===>msg_inter_to_iso_8583: MSGTYPE[200].
E 01 D Thu Mar 03 10:22:23.713 2022         rcbna003      12729  400230208 AC1D2BAF0001 SIX AC1D2BAF00010303102223627108            rut8583.c   296 ===>msg_inter_to_iso_8583: BITMAP[F238848188C080000000000002000106] [32].
E 01 D Thu Mar 03 10:22:23.713 2022         rcbna003      12729  400230208 AC1D2BAF0001 SIX AC1D2BAF00010303102223627108            rut8583.c   307 ===>msg_inter_to_iso_8583: B002 LEN[16] PAN.
E 01 D Thu Mar 03 10:22:23.713 2022         rcbna003      12729  400230208 AC1D2BAF0001 SIX AC1D2BAF00010303102223627108            rut8583.c   314 ===>msg_inter_to_iso_8583: B003[010002].
E 01 D Thu Mar 03 10:22:23.714 2022         rcbna003      12729  400230208 AC1D2BAF0001 SIX AC1D2BAF00010303102223627108            rut8583.c   320 ===>msg_inter_to_iso_8583: B004[000000000000].
E 01 D Thu Mar 03 10:22:23.714 2022         rcbna003      12729  400230208 AC1D2BAF0001 SIX AC1D2BAF00010303102223627108            rut8583.c   339 ===>msg_inter_to_iso_8583: B007[0303][102223].
E 01 D Thu Mar 03 10:22:23.714 2022         rcbna003      12729  400230208 AC1D2BAF0001 SIX AC1D2BAF00010303102223627108            rut8583.c   363 ===>msg_inter_to_iso_8583: B011[943638].
E 01 D Thu Mar 03 10:22:23.714 2022         rcbna003      12729  400230208 AC1D2BAF0001 SIX AC1D2BAF00010303102223627108            rut8583.c   369 ===>msg_inter_to_iso_8583: B012[102223].
E 01 D Thu Mar 03 10:22:23.715 2022         rcbna003      12729  400230208 AC1D2BAF0001 SIX AC1D2BAF00010303102223627108            rut8583.c   375 ===>msg_inter_to_iso_8583: B013[0303].
E 01 D Thu Mar 03 10:22:23.715 2022         rcbna003      12729  400230208 AC1D2BAF0001 SIX AC1D2BAF00010303102223627108            rut8583.c   399 ===>msg_inter_to_iso_8583: B017[0303].
E 01 D Thu Mar 03 10:22:23.715 2022         rcbna003      12729  400230208 AC1D2BAF0001 SIX AC1D2BAF00010303102223627108            rut8583.c   429 ===>msg_inter_to_iso_8583: B022[000].
E 01 D Thu Mar 03 10:22:23.715 2022         rcbna003      12729  400230208 AC1D2BAF0001 SIX AC1D2BAF00010303102223627108            rut8583.c   447 ===>msg_inter_to_iso_8583: B025[01].
E 01 D Thu Mar 03 10:22:23.716 2022         rcbna003      12729  400230208 AC1D2BAF0001 SIX AC1D2BAF00010303102223627108            rut8583.c   491 ===>msg_inter_to_iso_8583: B032[04][2050].
E 01 D Thu Mar 03 10:22:23.716 2022         rcbna003      12729  400230208 AC1D2BAF0001 SIX AC1D2BAF00010303102223627108            rut8583.c   500 ===>msg_inter_to_iso_8583: B033[04][0018].
E 01 D Thu Mar 03 10:22:23.716 2022         rcbna003      12729  400230208 AC1D2BAF0001 SIX AC1D2BAF00010303102223627108            rut8583.c   530 ===>msg_inter_to_iso_8583: B037[943638220303].
E 01 D Thu Mar 03 10:22:23.716 2022         rcbna003      12729  400230208 AC1D2BAF0001 SIX AC1D2BAF00010303102223627108            rut8583.c   564 ===>msg_inter_to_iso_8583: B041[00000000].
E 01 D Thu Mar 03 10:22:23.717 2022         rcbna003      12729  400230208 AC1D2BAF0001 SIX AC1D2BAF00010303102223627108            rut8583.c   570 ===>msg_inter_to_iso_8583: B042[               ].
E 01 D Thu Mar 03 10:22:23.717 2022         rcbna003      12729  400230208 AC1D2BAF0001 SIX AC1D2BAF00010303102223627108            rut8583.c   606 ===>msg_inter_to_iso_8583: B049[604].
E 01 D Thu Mar 03 10:22:23.717 2022         rcbna003      12729  400230208 AC1D2BAF0001 SIX AC1D2BAF00010303102223627108            rut8583.c   791 ===>msg_inter_to_iso_8583: B103 acct_2 len[00].
E 01 D Thu Mar 03 10:22:23.717 2022         rcbna003      12729  400230208 AC1D2BAF0001 SIX AC1D2BAF00010303102223627108            rut8583.c   807 ===>msg_inter_to_iso_8583: B120 LEN[022] Data aplicativa.
E 01 D Thu Mar 03 10:22:23.718 2022         rcbna003      12729  400230208 AC1D2BAF0001 SIX AC1D2BAF00010303102223627108            rut8583.c   866 ===>msg_inter_to_iso_8583: B126 LEN[999] Trama.
E 01 D Thu Mar 03 10:22:23.718 2022         rcbna003      12729  400230208 AC1D2BAF0001 SIX AC1D2BAF00010303102223627108            rut8583.c   882 ===>msg_inter_to_iso_8583: B127 LEN[262] Trama.
E 01 D Thu Mar 03 10:22:23.718 2022         rcbna003      12729  400230208 AC1D2BAF0001 SIX AC1D2BAF00010303102223627108    IF_inter_to_iso.c    50 ===>IF_inter_to_iso: Ending IF_inter_to_iso.
E 01 D Thu Mar 03 10:22:23.719 2022         rcbna003      12729  400230208 AC1D2BAF0001 SIX AC1D2BAF00010303102223627108     IF_iso_to_srv1.c    29 ===>IF_iso_to_srv1: Ending IF_inter_to_srv1.
E 01 D Thu Mar 03 10:22:23.719 2022         rcbna003      12729  400230208 AC1D2BAF0001 SIX AC1D2BAF00010303102223627108            IF_txrx.c    22 ===>IF_txrx: Starting IF_txrx.
E 01 D Thu Mar 03 10:22:23.719 2022         rcbna003      12729  400230208 AC1D2BAF0001 SIX AC1D2BAF00010303102223627108            IF_txrx.c    58 ===>IF_txrx: Sending Message to SRV[GWRBNARC] LEN[1451].
E 01 D Thu Mar 03 10:22:23.719 2022         rcbna003      12729  400230208 AC1D2BAF0001 SIX AC1D2BAF00010303102223627108          xmlparser.c   969 ===>xmlProcessMsg: id[HEADER], pos[0], len[0].
E 01 D Thu Mar 03 10:22:23.720 2022         rcbna003      12729  400230208 AC1D2BAF0001 SIX AC1D2BAF00010303102223627108          xmlparser.c   969 ===>xmlProcessMsg: id[MSGTYPE], pos[0], len[4].
E 01 D Thu Mar 03 10:22:23.720 2022         rcbna003      12729  400230208 AC1D2BAF0001 SIX AC1D2BAF00010303102223627108          xmlparser.c   969 ===>xmlProcessMsg: id[BMP1], pos[4], len[16].
E 01 D Thu Mar 03 10:22:23.720 2022         rcbna003      12729  400230208 AC1D2BAF0001 SIX AC1D2BAF00010303102223627108          xmlparser.c   969 ===>xmlProcessMsg: id[001_BMP2], pos[20], len[16].
E 01 D Thu Mar 03 10:22:23.721 2022         rcbna003      12729  400230208 AC1D2BAF0001 SIX AC1D2BAF00010303102223627108          xmlparser.c   969 ===>xmlProcessMsg: id[002_PAN], pos[38], len[16].
E 01 D Thu Mar 03 10:22:23.721 2022         rcbna003      12729  400230208 AC1D2BAF0001 SIX AC1D2BAF00010303102223627108          xmlparser.c   969 ===>xmlProcessMsg: id[003_PRCODE], pos[54], len[6].
E 01 D Thu Mar 03 10:22:23.721 2022         rcbna003      12729  400230208 AC1D2BAF0001 SIX AC1D2BAF00010303102223627108          xmlparser.c   969 ===>xmlProcessMsg: id[004_AMOUNT_TXN], pos[60], len[12].
E 01 D Thu Mar 03 10:22:23.721 2022         rcbna003      12729  400230208 AC1D2BAF0001 SIX AC1D2BAF00010303102223627108          xmlparser.c   969 ===>xmlProcessMsg: id[007_TRANSDATETIME], pos[72], len[10].
E 01 D Thu Mar 03 10:22:23.722 2022         rcbna003      12729  400230208 AC1D2BAF0001 SIX AC1D2BAF00010303102223627108          xmlparser.c   969 ===>xmlProcessMsg: id[011_TRACE], pos[82], len[6].
E 01 D Thu Mar 03 10:22:23.722 2022         rcbna003      12729  400230208 AC1D2BAF0001 SIX AC1D2BAF00010303102223627108          xmlparser.c   969 ===>xmlProcessMsg: id[012_TIME_LOCAL], pos[88], len[6].
E 01 D Thu Mar 03 10:22:23.722 2022         rcbna003      12729  400230208 AC1D2BAF0001 SIX AC1D2BAF00010303102223627108          xmlparser.c   969 ===>xmlProcessMsg: id[013_DATE_LOCAL], pos[94], len[4].
E 01 D Thu Mar 03 10:22:23.722 2022         rcbna003      12729  400230208 AC1D2BAF0001 SIX AC1D2BAF00010303102223627108          xmlparser.c   969 ===>xmlProcessMsg: id[017_DATE_CAPTURE], pos[98], len[4].
E 01 D Thu Mar 03 10:22:23.723 2022         rcbna003      12729  400230208 AC1D2BAF0001 SIX AC1D2BAF00010303102223627108          xmlparser.c   969 ===>xmlProcessMsg: id[022_POS_ENTRY_MODE], pos[102], len[3].
E 01 D Thu Mar 03 10:22:23.723 2022         rcbna003      12729  400230208 AC1D2BAF0001 SIX AC1D2BAF00010303102223627108          xmlparser.c   969 ===>xmlProcessMsg: id[025_POINT_COND_CODE], pos[105], len[2].
E 01 D Thu Mar 03 10:22:23.723 2022         rcbna003      12729  400230208 AC1D2BAF0001 SIX AC1D2BAF00010303102223627108          xmlparser.c   969 ===>xmlProcessMsg: id[032_ACQ_INST], pos[109], len[4].
E 01 D Thu Mar 03 10:22:23.723 2022         rcbna003      12729  400230208 AC1D2BAF0001 SIX AC1D2BAF00010303102223627108          xmlparser.c   969 ===>xmlProcessMsg: id[033_FORW_INST], pos[115], len[4].
E 01 D Thu Mar 03 10:22:23.724 2022         rcbna003      12729  400230208 AC1D2BAF0001 SIX AC1D2BAF00010303102223627108          xmlparser.c   969 ===>xmlProcessMsg: id[037_REFNUM], pos[119], len[12].
E 01 D Thu Mar 03 10:22:23.724 2022         rcbna003      12729  400230208 AC1D2BAF0001 SIX AC1D2BAF00010303102223627108          xmlparser.c   969 ===>xmlProcessMsg: id[041_TERM_ID], pos[131], len[8].
E 01 D Thu Mar 03 10:22:23.724 2022         rcbna003      12729  400230208 AC1D2BAF0001 SIX AC1D2BAF00010303102223627108          xmlparser.c   969 ===>xmlProcessMsg: id[042_ACCEPTOR], pos[139], len[15].
E 01 D Thu Mar 03 10:22:23.725 2022         rcbna003      12729  400230208 AC1D2BAF0001 SIX AC1D2BAF00010303102223627108          xmlparser.c   969 ===>xmlProcessMsg: id[049_CUR_CODE_TXN], pos[154], len[3].
E 01 D Thu Mar 03 10:22:23.725 2022         rcbna003      12729  400230208 AC1D2BAF0001 SIX AC1D2BAF00010303102223627108          xmlparser.c   969 ===>xmlProcessMsg: id[103_ACCT_2], pos[159], len[0].
E 01 D Thu Mar 03 10:22:23.725 2022         rcbna003      12729  400230208 AC1D2BAF0001 SIX AC1D2BAF00010303102223627108          xmlparser.c   969 ===>xmlProcessMsg: id[120_RESERV_PRIV_USE_1], pos[162], len[22].
E 01 D Thu Mar 03 10:22:23.726 2022         rcbna003      12729  400230208 AC1D2BAF0001 SIX AC1D2BAF00010303102223627108          xmlparser.c   969 ===>xmlProcessMsg: id[126_RESERV_PRIV_USE_7], pos[187], len[999].
E 01 D Thu Mar 03 10:22:23.726 2022         rcbna003      12729  400230208 AC1D2BAF0001 SIX AC1D2BAF00010303102223627108          xmlparser.c   969 ===>xmlProcessMsg: id[127_RESERV_PRIV_USE_8], pos[1189], len[262].
E 01 I Thu Mar 03 10:22:23.726 2022         rcbna003      12729  400230208 AC1D2BAF0001 SIX AC1D2BAF00010303102223627108          xmlparser.c   651 ===>xmlMain: Parser OK.
E 01 I Thu Mar 03 10:22:23.727 2022         rcbna003      12729  400230208 AC1D2BAF0001 SIX AC1D2BAF00010303102223627108         six_applic.c   130 ===>six_applic: writing 1451 bytes message to app server(GWRBNARC/14778375/T:SIX AC1D2BAF00010303102223627108).
E 01 I Thu Mar 03 10:22:23.727 2022         rcbna003      12729  400230208 AC1D2BAF0001 SIX AC1D2BAF00010303102223627108         six_applic.c   174 ===>six_applic: reading message from app server(GWRBNARC/14811144).
E 01 I Thu Mar 03 10:22:23.728 2022         gwrbnarc       2646 1477793536 AC1D2BAF0001 00000000000000000000000000000000         loc_rcvreq.c   118 ===>loc_rcvreq: message of 1451 bytes received.
E 01 I Thu Mar 03 10:22:23.757 2022         gwrbnarc       2646 1477793536 AC1D2BAF0001 00000000000000000000000000000000         loc_sndrsp.c    67 ===>loc_sndrsp: sending message of 496 bytes.
E 01 I Thu Mar 03 10:22:23.758 2022         rcbna003      12729  400230208 AC1D2BAF0001 SIX AC1D2BAF00010303102223627108         six_applic.c   183 ===>six_applic: 496 bytes message read from app server(GWRBNARC/14811144).
E 01 I Thu Mar 03 10:22:23.758 2022         rcbna003      12729  400230208 AC1D2BAF0001 00000000000000000000000000000000         rst_mentry.c    67 ===>rst_mentry: mess_entry 12729 cleared from shm table.
E 01 D Thu Mar 03 10:22:23.759 2022         rcbna003      12729  400230208 AC1D2BAF0001 SIX AC1D2BAF00010303102223627108          xmlparser.c   969 ===>xmlProcessMsg: id[HEADER], pos[0], len[0].
E 01 D Thu Mar 03 10:22:23.759 2022         rcbna003      12729  400230208 AC1D2BAF0001 SIX AC1D2BAF00010303102223627108          xmlparser.c   969 ===>xmlProcessMsg: id[MSGTYPE], pos[0], len[4].
E 01 D Thu Mar 03 10:22:23.759 2022         rcbna003      12729  400230208 AC1D2BAF0001 SIX AC1D2BAF00010303102223627108          xmlparser.c   969 ===>xmlProcessMsg: id[BMP1], pos[4], len[16].
E 01 D Thu Mar 03 10:22:23.759 2022         rcbna003      12729  400230208 AC1D2BAF0001 SIX AC1D2BAF00010303102223627108          xmlparser.c   969 ===>xmlProcessMsg: id[001_BMP2], pos[20], len[16].
E 01 D Thu Mar 03 10:22:23.760 2022         rcbna003      12729  400230208 AC1D2BAF0001 SIX AC1D2BAF00010303102223627108          xmlparser.c   969 ===>xmlProcessMsg: id[002_PAN], pos[38], len[16].
E 01 D Thu Mar 03 10:22:23.760 2022         rcbna003      12729  400230208 AC1D2BAF0001 SIX AC1D2BAF00010303102223627108          xmlparser.c   969 ===>xmlProcessMsg: id[003_PRCODE], pos[54], len[6].
E 01 D Thu Mar 03 10:22:23.760 2022         rcbna003      12729  400230208 AC1D2BAF0001 SIX AC1D2BAF00010303102223627108          xmlparser.c   969 ===>xmlProcessMsg: id[004_AMOUNT_TXN], pos[60], len[12].
E 01 D Thu Mar 03 10:22:23.760 2022         rcbna003      12729  400230208 AC1D2BAF0001 SIX AC1D2BAF00010303102223627108          xmlparser.c   969 ===>xmlProcessMsg: id[007_TRANSDATETIME], pos[72], len[10].
E 01 D Thu Mar 03 10:22:23.761 2022         rcbna003      12729  400230208 AC1D2BAF0001 SIX AC1D2BAF00010303102223627108          xmlparser.c   969 ===>xmlProcessMsg: id[011_TRACE], pos[82], len[6].
E 01 D Thu Mar 03 10:22:23.761 2022         rcbna003      12729  400230208 AC1D2BAF0001 SIX AC1D2BAF00010303102223627108          xmlparser.c   969 ===>xmlProcessMsg: id[012_TIME_LOCAL], pos[88], len[6].
E 01 D Thu Mar 03 10:22:23.761 2022         rcbna003      12729  400230208 AC1D2BAF0001 SIX AC1D2BAF00010303102223627108          xmlparser.c   969 ===>xmlProcessMsg: id[013_DATE_LOCAL], pos[94], len[4].
E 01 D Thu Mar 03 10:22:23.762 2022         rcbna003      12729  400230208 AC1D2BAF0001 SIX AC1D2BAF00010303102223627108          xmlparser.c   969 ===>xmlProcessMsg: id[017_DATE_CAPTURE], pos[98], len[4].
E 01 D Thu Mar 03 10:22:23.762 2022         rcbna003      12729  400230208 AC1D2BAF0001 SIX AC1D2BAF00010303102223627108          xmlparser.c   969 ===>xmlProcessMsg: id[022_POS_ENTRY_MODE], pos[102], len[3].
E 01 D Thu Mar 03 10:22:23.762 2022         rcbna003      12729  400230208 AC1D2BAF0001 SIX AC1D2BAF00010303102223627108          xmlparser.c   969 ===>xmlProcessMsg: id[025_POINT_COND_CODE], pos[105], len[2].
E 01 D Thu Mar 03 10:22:23.762 2022         rcbna003      12729  400230208 AC1D2BAF0001 SIX AC1D2BAF00010303102223627108          xmlparser.c   969 ===>xmlProcessMsg: id[032_ACQ_INST], pos[109], len[4].
E 01 D Thu Mar 03 10:22:23.763 2022         rcbna003      12729  400230208 AC1D2BAF0001 SIX AC1D2BAF00010303102223627108          xmlparser.c   969 ===>xmlProcessMsg: id[033_FORW_INST], pos[115], len[4].
E 01 D Thu Mar 03 10:22:23.763 2022         rcbna003      12729  400230208 AC1D2BAF0001 SIX AC1D2BAF00010303102223627108          xmlparser.c   969 ===>xmlProcessMsg: id[037_REFNUM], pos[119], len[12].
E 01 D Thu Mar 03 10:22:23.763 2022         rcbna003      12729  400230208 AC1D2BAF0001 SIX AC1D2BAF00010303102223627108          xmlparser.c   969 ===>xmlProcessMsg: id[038_AUTH], pos[131], len[6].
E 01 D Thu Mar 03 10:22:23.763 2022         rcbna003      12729  400230208 AC1D2BAF0001 SIX AC1D2BAF00010303102223627108          xmlparser.c   969 ===>xmlProcessMsg: id[039_RESP_CODE], pos[137], len[2].
E 01 D Thu Mar 03 10:22:23.764 2022         rcbna003      12729  400230208 AC1D2BAF0001 SIX AC1D2BAF00010303102223627108          xmlparser.c   969 ===>xmlProcessMsg: id[041_TERM_ID], pos[139], len[8].
E 01 D Thu Mar 03 10:22:23.764 2022         rcbna003      12729  400230208 AC1D2BAF0001 SIX AC1D2BAF00010303102223627108          xmlparser.c   969 ===>xmlProcessMsg: id[049_CUR_CODE_TXN], pos[147], len[3].
E 01 D Thu Mar 03 10:22:23.764 2022         rcbna003      12729  400230208 AC1D2BAF0001 SIX AC1D2BAF00010303102223627108          xmlparser.c   969 ===>xmlProcessMsg: id[103_ACCT_2], pos[152], len[0].
E 01 D Thu Mar 03 10:22:23.765 2022         rcbna003      12729  400230208 AC1D2BAF0001 SIX AC1D2BAF00010303102223627108          xmlparser.c   969 ===>xmlProcessMsg: id[120_RESERV_PRIV_USE_1], pos[155], len[341].
E 01 I Thu Mar 03 10:22:23.765 2022         rcbna003      12729  400230208 AC1D2BAF0001 SIX AC1D2BAF00010303102223627108          xmlparser.c   651 ===>xmlMain: Parser OK.
E 01 D Thu Mar 03 10:22:23.766 2022         rcbna003      12729  400230208 AC1D2BAF0001 SIX AC1D2BAF00010303102223627108            IF_txrx.c    92 ===>IF_txrx: Receiving Message from  SRV[GWRBNARC] LEN[496].
E 01 D Thu Mar 03 10:22:23.766 2022         rcbna003      12729  400230208 AC1D2BAF0001 SIX AC1D2BAF00010303102223627108            IF_txrx.c    97 ===>IF_txrx: Ending IF_txrx.
E 01 D Thu Mar 03 10:22:23.766 2022         rcbna003      12729  400230208 AC1D2BAF0001 SIX AC1D2BAF00010303102223627108    IF_srv1_to_srv2.c    12 ===>IF_srv1_to_srv2: Starting IF_srv1_to_srv2.
E 01 D Thu Mar 03 10:22:23.766 2022         rcbna003      12729  400230208 AC1D2BAF0001 SIX AC1D2BAF00010303102223627108    IF_iso_to_inter.c    20 ===>IF_iso_to_inter: Starting IF_iso_to_inter.
E 01 D Thu Mar 03 10:22:23.767 2022         rcbna003      12729  400230208 AC1D2BAF0001 SIX AC1D2BAF00010303102223627108            rut8583.c   999 ===>iso_8583_to_msg_inter: bin[0] nomprod[RECAUDACION] org_drv[0].
E 01 D Thu Mar 03 10:22:23.767 2022         rcbna003      12729  400230208 AC1D2BAF0001 SIX AC1D2BAF00010303102223627108            rut8583.c  1012 ===>iso_8583_to_msg_inter: MSGTYPE[210].
E 01 D Thu Mar 03 10:22:23.767 2022         rcbna003      12729  400230208 AC1D2BAF0001 SIX AC1D2BAF00010303102223627108            rut8583.c  1016 ===>iso_8583_to_msg_inter: BITMAP1[F23884818E808000].
E 01 D Thu Mar 03 10:22:23.768 2022         rcbna003      12729  400230208 AC1D2BAF0001 SIX AC1D2BAF00010303102223627108            rut8583.c  1020 ===>iso_8583_to_msg_inter: BITMAP2[0000000002000100].
E 01 D Thu Mar 03 10:22:23.768 2022         rcbna003      12729  400230208 AC1D2BAF0001 SIX AC1D2BAF00010303102223627108            rut8583.c  1029 ===>iso_8583_to_msg_inter: bitmaps[F23884818E8080000000000002000100] mascara[00000000000000000000000000000000] lbm[32].
E 01 D Thu Mar 03 10:22:23.768 2022         rcbna003      12729  400230208 AC1D2BAF0001 SIX AC1D2BAF00010303102223627108            rut8583.c  1052 ===>iso_8583_to_msg_inter: DE002 LEN[16].
E 01 D Thu Mar 03 10:22:23.769 2022         rcbna003      12729  400230208 AC1D2BAF0001 SIX AC1D2BAF00010303102223627108            rut8583.c  1059 ===>iso_8583_to_msg_inter: DE003[010002].
E 01 D Thu Mar 03 10:22:23.769 2022         rcbna003      12729  400230208 AC1D2BAF0001 SIX AC1D2BAF00010303102223627108            rut8583.c  1065 ===>iso_8583_to_msg_inter: DE004[000000010400].
E 01 D Thu Mar 03 10:22:23.769 2022         rcbna003      12729  400230208 AC1D2BAF0001 SIX AC1D2BAF00010303102223627108            rut8583.c  1085 ===>iso_8583_to_msg_inter: DE007[0303][102223].
E 01 D Thu Mar 03 10:22:23.769 2022         rcbna003      12729  400230208 AC1D2BAF0001 SIX AC1D2BAF00010303102223627108            rut8583.c  1109 ===>iso_8583_to_msg_inter: DE011[943638].
E 01 D Thu Mar 03 10:22:23.770 2022         rcbna003      12729  400230208 AC1D2BAF0001 SIX AC1D2BAF00010303102223627108            rut8583.c  1115 ===>iso_8583_to_msg_inter: DE012[102223].
E 01 D Thu Mar 03 10:22:23.770 2022         rcbna003      12729  400230208 AC1D2BAF0001 SIX AC1D2BAF00010303102223627108            rut8583.c  1122 ===>iso_8583_to_msg_inter: DE013[0303].
E 01 D Thu Mar 03 10:22:23.770 2022         rcbna003      12729  400230208 AC1D2BAF0001 SIX AC1D2BAF00010303102223627108            rut8583.c  1149 ===>iso_8583_to_msg_inter: DE017[0303].
E 01 D Thu Mar 03 10:22:23.771 2022         rcbna003      12729  400230208 AC1D2BAF0001 SIX AC1D2BAF00010303102223627108            rut8583.c  1179 ===>iso_8583_to_msg_inter: DE022[000].
E 01 D Thu Mar 03 10:22:23.771 2022         rcbna003      12729  400230208 AC1D2BAF0001 SIX AC1D2BAF00010303102223627108            rut8583.c  1197 ===>iso_8583_to_msg_inter: DE025[01].
E 01 D Thu Mar 03 10:22:23.771 2022         rcbna003      12729  400230208 AC1D2BAF0001 SIX AC1D2BAF00010303102223627108            rut8583.c  1240 ===>iso_8583_to_msg_inter: DE032[04][2050].
E 01 D Thu Mar 03 10:22:23.772 2022         rcbna003      12729  400230208 AC1D2BAF0001 SIX AC1D2BAF00010303102223627108            rut8583.c  1247 ===>iso_8583_to_msg_inter: DE033[04][0018].
E 01 D Thu Mar 03 10:22:23.772 2022         rcbna003      12729  400230208 AC1D2BAF0001 SIX AC1D2BAF00010303102223627108            rut8583.c  1279 ===>iso_8583_to_msg_inter: DE037[943638220303].
E 01 D Thu Mar 03 10:22:23.772 2022         rcbna003      12729  400230208 AC1D2BAF0001 SIX AC1D2BAF00010303102223627108            rut8583.c  1285 ===>iso_8583_to_msg_inter: DE038[000000].
E 01 D Thu Mar 03 10:22:23.772 2022         rcbna003      12729  400230208 AC1D2BAF0001 SIX AC1D2BAF00010303102223627108            rut8583.c  1292 ===>iso_8583_to_msg_inter: DE039[00].
E 01 D Thu Mar 03 10:22:23.773 2022         rcbna003      12729  400230208 AC1D2BAF0001 SIX AC1D2BAF00010303102223627108            rut8583.c  1304 ===>iso_8583_to_msg_inter: DE041[00000000].
E 01 D Thu Mar 03 10:22:23.773 2022         rcbna003      12729  400230208 AC1D2BAF0001 SIX AC1D2BAF00010303102223627108            rut8583.c  1343 ===>iso_8583_to_msg_inter: DE049[604].
E 01 D Thu Mar 03 10:22:23.773 2022         rcbna003      12729  400230208 AC1D2BAF0001 SIX AC1D2BAF00010303102223627108            rut8583.c  1513 ===>iso_8583_to_msg_inter: DE103 acct_2 len[00].
E 01 D Thu Mar 03 10:22:23.774 2022         rcbna003      12729  400230208 AC1D2BAF0001 SIX AC1D2BAF00010303102223627108            rut8583.c  1528 ===>iso_8583_to_msg_inter: DE120 LEN[341] Data aplicativa.
E 01 D Thu Mar 03 10:22:23.774 2022         rcbna003      12729  400230208 AC1D2BAF0001 SIX AC1D2BAF00010303102223627108      IF_set_fields.c    29 ===>IF_set_fields: Starting IF_set_fields.
E 01 D Thu Mar 03 10:22:23.774 2022         rcbna003      12729  400230208 AC1D2BAF0001 SIX AC1D2BAF00010303102223627108      IF_set_fields.c    34 ===>IF_set_fields: msgtype[210].
E 01 D Thu Mar 03 10:22:23.774 2022         rcbna003      12729  400230208 AC1D2BAF0001 SIX AC1D2BAF00010303102223627108      IF_set_fields.c    44 ===>IF_set_fields: Ending IF_set_fields.
E 01 D Thu Mar 03 10:22:23.775 2022         rcbna003      12729  400230208 AC1D2BAF0001 SIX AC1D2BAF00010303102223627108    IF_iso_to_inter.c    48 ===>IF_iso_to_inter: Ending IF_iso_to_inter.
E 01 D Thu Mar 03 10:22:23.775 2022         rcbna003      12729  400230208 AC1D2BAF0001 SIX AC1D2BAF00010303102223627108    IF_srv1_to_srv2.c    26 ===>IF_srv1_to_srv2: Ending IF_srv1_to_srv2.
E 01 D Thu Mar 03 10:22:23.775 2022         rcbna003      12729  400230208 AC1D2BAF0001 SIX AC1D2BAF00010303102223627108              IF_tx.c    32 ===>IF_tx: Starting IF_tx.
E 01 D Thu Mar 03 10:22:23.775 2022         rcbna003      12729  400230208 AC1D2BAF0001 SIX AC1D2BAF00010303102223627108  IF_adjust_buffers.c    17 ===>IF_adjust_buffers: Starting IF_adjust_buffers.
E 01 D Thu Mar 03 10:22:23.776 2022         rcbna003      12729  400230208 AC1D2BAF0001 SIX AC1D2BAF00010303102223627108  IF_adjust_buffers.c    93 ===>IF_adjust_buffers: Longitudes isomsglen[8016] msglen[8016].
E 01 D Thu Mar 03 10:22:23.776 2022         rcbna003      12729  400230208 AC1D2BAF0001 SIX AC1D2BAF00010303102223627108  IF_adjust_buffers.c    95 ===>IF_adjust_buffers: Ending IF_adjust_buffers.
E 01 N Thu Mar 03 10:22:23.776 2022         rcbna003      12729  400230208 AC1D2BAF0001 SIX AC1D2BAF00010303102223627108             varios.c  1009 ===>tracemsg: 1220303 102223 rcbna003     M[0210] P[010002] T[943638] RC[000] rinst[] msgid[] [TX SWRSP].
E 01 D Thu Mar 03 10:22:23.776 2022         rcbna003      12729  400230208 AC1D2BAF0001 SIX AC1D2BAF00010303102223627108              IF_tx.c    50 ===>IF_tx: Sending [8016]bytes to appl[SWRSP].
E 01 D Thu Mar 03 10:22:23.777 2022         rcbna003      12729  400230208 AC1D2BAF0001 SIX AC1D2BAF00010303102223627108              IF_tx.c    59 ===>IF_tx: Message sent to appl[SWRSP].
E 01 D Thu Mar 03 10:22:23.777 2022         rcbna003      12729  400230208 AC1D2BAF0001 SIX AC1D2BAF00010303102223627108              IF_tx.c    64 ===>IF_tx: Ending IF_tx.
E 01 D Thu Mar 03 10:22:23.778 2022         rcbna003      12729  400230208 AC1D2BAF0001 SIX AC1D2BAF00010303102223627108              IF_rx.c    25 ===>IF_rx: Starting IF_rx.
E 01 N Thu Mar 03 10:22:23.778 2022         swrsp002      25452  268581056 AC1D2BAF0001 SIX AC1D2BAF00010303102223627108             varios.c  1009 ===>tracemsg: 1220303 102223 swi_rsp      M[0210] P[010002] T[943638] RC[000] rinst[] msgid[] [RCBNA003].
E 01 D Thu Mar 03 10:22:23.778 2022         swrsp002      25452  268581056 AC1D2BAF0001 SIX AC1D2BAF00010303102223627108            swi_rsp.c   290 ===>swi_rsp: getmsgid: rc[0] msgid[00000000000000000000000000000000].
E 01 I Thu Mar 03 10:22:23.778 2022         swrsp002      25452  268581056 AC1D2BAF0001 SIX AC1D2BAF00010303102223627108            swi_rsp.c   291 ===>swi_rsp: msg->forw_inst(0018).
E 01 D Thu Mar 03 10:22:23.779 2022         swrsp002      25452  268581056 AC1D2BAF0001 SIX AC1D2BAF00010303102223627108            rut_swi.c  2053 ===>update_est_sw: actualiza contadores [000] [210].
E 01 D Thu Mar 03 10:22:23.779 2022         swrsp002      25452  268581056 AC1D2BAF0001 SIX AC1D2BAF00010303102223627108             rutshm.c  2106 ===>get_idx_ptrswi: MAX_COD_RSP (100).
E 01 D Thu Mar 03 10:22:23.779 2022         swrsp002      25452  268581056 AC1D2BAF0001 SIX AC1D2BAF00010303102223627108            rut_swi.c  2152 ===>update_est_sw: Codigo de respuesta encontrado (133).
E 01 D Thu Mar 03 10:22:23.779 2022         swrsp002      25452  268581056 AC1D2BAF0001 SIX AC1D2BAF00010303102223627108            rut_swi.c   317 ===>matching_msg: Se realizara MATCHING.
E 01 D Thu Mar 03 10:22:23.780 2022         swrsp002      25452  268581056 AC1D2BAF0001 SIX AC1D2BAF00010303102223627108            rut_swi.c   318 ===>matching_msg: Transaccion... msgtype:DATA[210], pan:LEN[16], prcode:DATA[10002], trace:DATA[943638], transtime:DATA[102223], transdate:DATA[20220303], acq_inst:DATA[2050], term_id:DATA[00000000], point_cond_code:DATA[1].
E 01 D Thu Mar 03 10:22:23.780 2022         swrsp002      25452  268581056 AC1D2BAF0001 SIX AC1D2BAF00010303102223627108            rut_swi.c   323 ===>matching_msg:  En memoria idx[0].... msgtype:DATA[200], pan:LEN[16], prcode:DATA[10002], trace:DATA[943638], transtime:DATA[102223],  transdate:DATA[20220303], acq_inst:DATA[2050], term_id:DATA[00000000], point_cond_code:DATA[1].
E 01 D Thu Mar 03 10:22:23.780 2022         swrsp002      25452  268581056 AC1D2BAF0001 SIX AC1D2BAF00010303102223627108            rut_swi.c   387 ===>matching_msg: Procede to matching....
E 01 D Thu Mar 03 10:22:23.780 2022         swrsp002      25452  268581056 AC1D2BAF0001 SIX AC1D2BAF00010303102223627108            rut_swi.c  4447 ===>match_trace_refnum: trace     [943638], refnum     [943638220303], refnum_tr     [943638220303].
E 01 D Thu Mar 03 10:22:23.781 2022         swrsp002      25452  268581056 AC1D2BAF0001 SIX AC1D2BAF00010303102223627108            rut_swi.c  4448 ===>match_trace_refnum: trace_shm [943638], refnum_shm [943638220303], refnum_shm_tr [943638220303].
E 01 D Thu Mar 03 10:22:23.781 2022         swrsp002      25452  268581056 AC1D2BAF0001 SIX AC1D2BAF00010303102223627108            rut_swi.c  4456 ===>match_trace_refnum: trace y refnum son validos y se han verificado.
E 01 D Thu Mar 03 10:22:23.781 2022         swrsp002      25452  268581056 AC1D2BAF0001 SIX AC1D2BAF00010303102223627108            rut_swi.c   408 ===>matching_msg: HIZO MATCHING.
E 01 D Thu Mar 03 10:22:23.781 2022         swrsp002      25452  268581056 AC1D2BAF0001 SIX AC1D2BAF00010303102223627108            rut_swi.c   480 ===>matching_msg: Recupero cardh_doc_num:DATA[].
E 01 D Thu Mar 03 10:22:23.782 2022         swrsp002      25452  268581056 AC1D2BAF0001 SIX AC1D2BAF00010303102223627108            rut_swi.c   511 ===>matching_msg: Recupero bin_acct_1:LEN[6].
E 01 D Thu Mar 03 10:22:23.782 2022         swrsp002      25452  268581056 AC1D2BAF0001 SIX AC1D2BAF00010303102223627108            rut_swi.c   517 ===>matching_msg: Recupero bin_acct_2:LEN[0].
E 01 D Thu Mar 03 10:22:23.782 2022         swrsp002      25452  268581056 AC1D2BAF0001 SIX AC1D2BAF00010303102223627108             rutshm.c  1421 ===>chk_bin:  index_bin [4] bin[404910] len_bin [6].
E 01 D Thu Mar 03 10:22:23.782 2022         swrsp002      25452  268581056 AC1D2BAF0001 SIX AC1D2BAF00010303102223627108             rutshm.c  1432 ===>chk_bin: MAXBINTABLE(200).
E 01 D Thu Mar 03 10:22:23.783 2022         swrsp002      25452  268581056 AC1D2BAF0001 SIX AC1D2BAF00010303102223627108             rutshm.c  1433 ===>chk_bin: binshm_tmp.bin LENGTH [6].
E 01 D Thu Mar 03 10:22:23.783 2022         swrsp002      25452  268581056 AC1D2BAF0001 SIX AC1D2BAF00010303102223627108            rut_swi.c   634 ===>matching_msg: DEBUG: Se recuperan datos utilizados en EMV.
E 01 D Thu Mar 03 10:22:23.783 2022         swrsp002      25452  268581056 AC1D2BAF0001 SIX AC1D2BAF00010303102223627108            rut_swi.c   638 ===>matching_msg: Recupero add_retail_data:LEN[0].
E 01 D Thu Mar 03 10:22:23.783 2022         swrsp002      25452  268581056 AC1D2BAF0001 SIX AC1D2BAF00010303102223627108            rut_swi.c   642 ===>matching_msg: Recupero integ_circ_card:LEN[0].
E 01 D Thu Mar 03 10:22:23.784 2022         swrsp002      25452  268581056 AC1D2BAF0001 SIX AC1D2BAF00010303102223627108            rut_swi.c   644 ===>matching_msg: DEBUG: Fin de recuperaci n de datos utilizados en EMV.
E 01 D Thu Mar 03 10:22:23.784 2022         swrsp002      25452  268581056 AC1D2BAF0001 SIX AC1D2BAF00010303102223627108            rut_swi.c  4166 ===>ptr_matching: actual_time(1646320943) time_out (1646320956) diff(13).
E 01 D Thu Mar 03 10:22:23.784 2022         swrsp002      25452  268581056 AC1D2BAF0001 SIX AC1D2BAF00010303102223627108            swi_rsp.c   996 ===>rut_msg_0210: msg->req_inst(909081).
E 01 D Thu Mar 03 10:22:23.784 2022         swrsp002      25452  268581056 AC1D2BAF0001 SIX AC1D2BAF00010303102223627108             rutshm.c  1349 ===>find_prcode: find_prcode.
E 01 I Thu Mar 03 10:22:23.785 2022         swrsp002      25452  268581056 AC1D2BAF0001 SIX AC1D2BAF00010303102223627108            swi_rsp.c   475 ===>swi_rsp: SNDTERM msgtype(210).
E 01 D Thu Mar 03 10:22:23.785 2022         swrsp002      25452  268581056 AC1D2BAF0001 SIX AC1D2BAF00010303102223627108            swi_rsp.c   537 ===>swi_rsp: msg->reg_control[6] = .
E 01 D Thu Mar 03 10:22:23.785 2022         swrsp002      25452  268581056 AC1D2BAF0001 SIX AC1D2BAF00010303102223627108            swi_rsp.c   550 ===>swi_rsp: who_rsp : [1].
E 01 D Thu Mar 03 10:22:23.785 2022         swrsp002      25452  268581056 AC1D2BAF0001 SIX AC1D2BAF00010303102223627108         eft_txnlog.c   580 ===>update_txn_log: recibe parametros..... rev (0) who_rsp (1).
E 01 D Thu Mar 03 10:22:23.786 2022         swrsp002      25452  268581056 AC1D2BAF0001 SIX AC1D2BAF00010303102223627108         eft_txnlog.c   597 ===>update_txn_log: msg->reg_control [1].
E 01 D Thu Mar 03 10:22:23.786 2022         swrsp002      25452  268581056 AC1D2BAF0001 SIX AC1D2BAF00010303102223627108        eft_support.c   108 ===>set_msg_int_json: bitmap = [00000000060000000000004010000000].
E 01 D Thu Mar 03 10:22:23.786 2022         swrsp002      25452  268581056 AC1D2BAF0001 SIX AC1D2BAF00010303102223627108         eft_txnlog.c   606 ===>update_txn_log: Se va a enmascarar el PAN.
E 01 D Thu Mar 03 10:22:23.786 2022         swrsp002      25452  268581056 AC1D2BAF0001 SIX AC1D2BAF00010303102223627108         eft_txnlog.c   627 ===>update_txn_log: recibe msg_->fte_appl ().
E 01 D Thu Mar 03 10:22:23.786 2022         swrsp002      25452  268581056 AC1D2BAF0001 SIX AC1D2BAF00010303102223627108         eft_txnlog.c   669 ===>update_txn_log: msgtype_orig [210].
E 01 D Thu Mar 03 10:22:23.787 2022         swrsp002      25452  268581056 AC1D2BAF0001 SIX AC1D2BAF00010303102223627108         eft_txnlog.c   302 ===>debeActualizaTXNPrevia: El campo org_data tiene longitud 0.
E 01 D Thu Mar 03 10:22:23.787 2022         swrsp002      25452  268581056 AC1D2BAF0001 SIX AC1D2BAF00010303102223627108         eft_txnlog.c   837 ===>update_txn_log: Parametro json listo..
E 01 D Thu Mar 03 10:22:23.787 2022         swrsp002      25452  268581056 AC1D2BAF0001 SIX AC1D2BAF00010303102223627108         eft_txnlog.c   841 ===>update_txn_log: Antes de ejecutar el SP....
E 01 D Thu Mar 03 10:22:23.809 2022         swrsp002      25452  268581056 AC1D2BAF0001 SIX AC1D2BAF00010303102223627108         eft_txnlog.c   859 ===>update_txn_log: LOG BD: [
		BD[UPDATE_TO_TXNLOG][817109] ===> Empezando SP...
		BD[UPDATE_TO_TXNLOG][817109] ===> Parseando jsons....
		BD[UPDATE_TO_TXNLOG][817109] ===> msg.msgtype:210
		BD[UPDATE_TO_TXNLOG][817109] ===> msg.org_drv:52
		BD[UPDATE_TO_TXNLOG][817109] ===> msgq.wmsgtype:200
		BD[UPDATE_TO_TXNLOG][817109] ===> msg.trace:-1
		BD[UPDATE_TO_TXNLOG][817109] ===> msg.refnum:************
		BD[UPDATE_TO_TXNLOG][817109] ===> msg.resp_code:000
		BD[UPDATE_TO_TXNLOG][817109] ===> statuss: 210
		BD[UPDATE_TO_TXNLOG][817109] ===> msgq.wkey=1
		BD[UPDATE_TO_TXNLOG][817109] ===> ANTES DE ARMA_QUERY_UPDATE 
		BD[F_ARMA_QUERY_UPDATE][817109] ===> PF_MSGQ.wbmp_reg1 = [00000000060000000000004010000000]
		BD[F_ARMA_QUERY_UPDATE][817109] ===> PF_MSGQ.wbmp_reg2 = [00000000000000000000000000000000]
		BD[UPDATE_TO_TXNLOG][817109] ===>  UPDATE TXNLOG SET   status = 210 ,reversal = 0 ,who_rsp = 1 ,timeout = 1646320943 ,fte_appl = ''  ,auth='000000' ,resp_code='000' ,org_data='' ,req_inst='909081' where (msgtype =200 or msgtype =201)  and pan = '404910******0000' and prcode =10002 and amount_txn ='000000000000' and trace = 943638 and time_local ='102223' and date_local ='20220303' and point_cond_code =1 and acq_inst ='2050' and term_id ='00000000'
		BD[UPDATE_TO_TXNLOG][817109] ===> despues de ARMA_QUERY_UPDATE
		BD[UPDATE_TO_TXNLOG][817109] ===> despues de execute tmp_cade; 417
		BD[UPDATE_TO_TXNLOG][817109] ===>  ROWCOUNT; 1
		BD[UPDATE_TO_TXNLOG][817109] ===> Se ACTUALIZO TXN LOG Exitosamente
].
E 01 D Thu Mar 03 10:22:23.809 2022         swrsp002      25452  268581056 AC1D2BAF0001 SIX AC1D2BAF00010303102223627108         eft_txnlog.c   864 ===>update_txn_log: Se actualizo registro en la tabla TXNLOG.
E 01 D Thu Mar 03 10:22:23.810 2022         swrsp002      25452  268581056 AC1D2BAF0001 SIX AC1D2BAF00010303102223627108         eft_txnlog.c   905 ===>update_txn_log: Tiempo de respuesta en BD, 22 milisegundos.
E 01 D Thu Mar 03 10:22:23.810 2022         swrsp002      25452  268581056 AC1D2BAF0001 SIX AC1D2BAF00010303102223627108            swi_rsp.c   663 ===>swi_rsp: envia snd_term - msg->date_capture[20220303].
E 01 I Thu Mar 03 10:22:23.810 2022         swrsp002      25452  268581056 AC1D2BAF0001 SIX AC1D2BAF00010303102223627108            rut_swi.c  2244 ===>snd_term: ORG_DRV [52] bin[0018].
E 01 D Thu Mar 03 10:22:23.810 2022         swrsp002      25452  268581056 AC1D2BAF0001 SIX AC1D2BAF00010303102223627108             rutshm.c  1556 ===>get_codrut: CODIGO DE RUTEO (0018) len(4).
E 01 D Thu Mar 03 10:22:23.811 2022         swrsp002      25452  268581056 AC1D2BAF0001 SIX AC1D2BAF00010303102223627108            rut_swi.c  2338 ===>snd_term: tipo de ruteo[1].
E 01 I Thu Mar 03 10:22:23.811 2022         swrsp002      25452  268581056 AC1D2BAF0001 SIX AC1D2BAF00010303102223627108            rut_swi.c  2347 ===>snd_term: msgtype [210] appl (BNINTISO).
E 01 D Thu Mar 03 10:22:23.811 2022         swrsp002      25452  268581056 AC1D2BAF0001 SIX AC1D2BAF00010303102223627108            rut_swi.c  2350 ===>snd_term: Se enviara a monitor(Y).
E 01 I Thu Mar 03 10:22:23.811 2022         swrsp002      25452  268581056 AC1D2BAF0001 SIX AC1D2BAF00010303102223627108            rut_swi.c  2353 ===>snd_term: Sending message to monitor server (fmonitor).
E 01 B Thu Mar 03 10:22:23.812 2022         swrsp002      25452  268581056 AC1D2BAF0001 00000000000000000000000000000000          gen_sendq.c   110 ===>gen_sendq: asynchronic process fmonitor, not available.
E 01 B Thu Mar 03 10:22:23.812 2022         swrsp002      25452  268581056 AC1D2BAF0001 SIX AC1D2BAF00010303102223627108           six_asyn.c    91 ===>wr_msg_six: gen_sendq error [-3].
E 01 D Thu Mar 03 10:22:23.813 2022         swrsp002      25452  268581056 AC1D2BAF0001 SIX AC1D2BAF00010303102223627108            swi_rsp.c   665 ===>swi_rsp: rcq[0].
E 01 N Thu Mar 03 10:22:23.813 2022         bnint001       2699 2119792832 AC1D2BAF0001 SIX AC1D2BAF00010303102223627108             varios.c  1009 ===>tracemsg: 1220303 102223 bnint001     M[0210] P[010002] T[943638] RC[000] rinst[909081] msgid[] [RX SWRSP002].
E 01 D Thu Mar 03 10:22:23.814 2022         bnint001       2699 2119792832 AC1D2BAF0001 SIX AC1D2BAF00010303102223627108              IF_rx.c   141 ===>IF_rx: applfrom[SWRSP002] msglen[8016].
E 01 D Thu Mar 03 10:22:23.814 2022         bnint001       2699 2119792832 AC1D2BAF0001 SIX AC1D2BAF00010303102223627108   IF_adjust_fields.c    29 ===>IF_adjust_fields: starting IF_adjust_fields.
E 01 D Thu Mar 03 10:22:23.814 2022         bnint001       2699 2119792832 AC1D2BAF0001 SIX AC1D2BAF00010303102223627108   IF_adjust_fields.c    53 ===>IF_adjust_fields: Ending IF_adjust_fields.
E 01 D Thu Mar 03 10:22:23.814 2022         bnint001       2699 2119792832 AC1D2BAF0001 SIX AC1D2BAF00010303102223627108    IF_inter_to_iso.c    30 ===>IF_inter_to_iso: Starting IF_inter_to_iso.
E 01 D Thu Mar 03 10:22:23.815 2022         bnint001       2699 2119792832 AC1D2BAF0001 SIX AC1D2BAF00010303102223627108        recaudacion.c    91 ===>setHeaderRsp: Iniciando parseo header de la trama de respuesta.
E 01 D Thu Mar 03 10:22:23.815 2022         bnint001       2699 2119792832 AC1D2BAF0001 SIX AC1D2BAF00010303102223627108        recaudacion.c    93 ===>setHeaderRsp: codigoOperacion [010002].
E 01 D Thu Mar 03 10:22:23.815 2022         bnint001       2699 2119792832 AC1D2BAF0001 SIX AC1D2BAF00010303102223627108        recaudacion.c    98 ===>setHeaderRsp: Valores obtenidos: tipoServicio [0002]  tipoOperacion [01].
E 01 D Thu Mar 03 10:22:23.815 2022         bnint001       2699 2119792832 AC1D2BAF0001 SIX AC1D2BAF00010303102223627108        recaudacion.c   103 ===>setHeaderRsp: Valores a enviar: tipoServicio [000002]  tipoOperacion [0101].
E 01 D Thu Mar 03 10:22:23.816 2022         bnint001       2699 2119792832 AC1D2BAF0001 SIX AC1D2BAF00010303102223627108        recaudacion.c   105 ===>setHeaderRsp: Terminando parseo header de la trama de respuesta.
E 01 D Thu Mar 03 10:22:23.816 2022         bnint001       2699 2119792832 AC1D2BAF0001 SIX AC1D2BAF00010303102223627108            rut8583.c   379 ===>msg_inter_to_bnacion: nomprod[COMPARTAMOS] org_drv[52].
E 01 D Thu Mar 03 10:22:23.816 2022         bnint001       2699 2119792832 AC1D2BAF0001 SIX AC1D2BAF00010303102223627108        recaudacion.c  3093 ===>setRspConsultaPagoCredito: BN001[000002].
E 01 D Thu Mar 03 10:22:23.816 2022         bnint001       2699 2119792832 AC1D2BAF0001 SIX AC1D2BAF00010303102223627108        recaudacion.c  3097 ===>setRspConsultaPagoCredito: BN002[0101].
E 01 D Thu Mar 03 10:22:23.817 2022         bnint001       2699 2119792832 AC1D2BAF0001 SIX AC1D2BAF00010303102223627108        recaudacion.c  3101 ===>setRspConsultaPagoCredito: BN003[03].
E 01 D Thu Mar 03 10:22:23.817 2022         bnint001       2699 2119792832 AC1D2BAF0001 SIX AC1D2BAF00010303102223627108        recaudacion.c  3106 ===>setRspConsultaPagoCredito: BN004[019710032855        ].
E 01 D Thu Mar 03 10:22:23.817 2022         bnint001       2699 2119792832 AC1D2BAF0001 SIX AC1D2BAF00010303102223627108        recaudacion.c  3111 ===>setRspConsultaPagoCredito: BN005[2050].
E 01 D Thu Mar 03 10:22:23.817 2022         bnint001       2699 2119792832 AC1D2BAF0001 SIX AC1D2BAF00010303102223627108        recaudacion.c  3115 ===>setRspConsultaPagoCredito: BN006[0000].
E 01 D Thu Mar 03 10:22:23.818 2022         bnint001       2699 2119792832 AC1D2BAF0001 SIX AC1D2BAF00010303102223627108        recaudacion.c  3120 ===>setRspConsultaPagoCredito: BN007[01].
E 01 D Thu Mar 03 10:22:23.818 2022         bnint001       2699 2119792832 AC1D2BAF0001 SIX AC1D2BAF00010303102223627108        recaudacion.c  3124 ===>setRspConsultaPagoCredito: BN008[0018].
E 01 D Thu Mar 03 10:22:23.818 2022         bnint001       2699 2119792832 AC1D2BAF0001 SIX AC1D2BAF00010303102223627108        recaudacion.c  3128 ===>setRspConsultaPagoCredito: BN009[0190022855          ].
E 01 D Thu Mar 03 10:22:23.818 2022         bnint001       2699 2119792832 AC1D2BAF0001 SIX AC1D2BAF00010303102223627108        recaudacion.c  3142 ===>setRspConsultaPagoCredito: BN010[ARAGON MOLINA,JOYCE KELLY                                             ].
E 01 D Thu Mar 03 10:22:23.819 2022         bnint001       2699 2119792832 AC1D2BAF0001 SIX AC1D2BAF00010303102223627108        recaudacion.c  3147 ===>setRspConsultaPagoCredito: BN011[019710032855        ].
E 01 D Thu Mar 03 10:22:23.819 2022         bnint001       2699 2119792832 AC1D2BAF0001 SIX AC1D2BAF00010303102223627108        recaudacion.c  3153 ===>setRspConsultaPagoCredito: BN012[PEN].
E 01 D Thu Mar 03 10:22:23.819 2022         bnint001       2699 2119792832 AC1D2BAF0001 SIX AC1D2BAF00010303102223627108        recaudacion.c  3158 ===>setRspConsultaPagoCredito: BN013[000000000100000].
E 01 D Thu Mar 03 10:22:23.819 2022         bnint001       2699 2119792832 AC1D2BAF0001 SIX AC1D2BAF00010303102223627108        recaudacion.c  3163 ===>setRspConsultaPagoCredito: BN014[000000000100000].
E 01 D Thu Mar 03 10:22:23.820 2022         bnint001       2699 2119792832 AC1D2BAF0001 SIX AC1D2BAF00010303102223627108        recaudacion.c  3168 ===>setRspConsultaPagoCredito: BN015[000000000025428].
E 01 D Thu Mar 03 10:22:23.820 2022         bnint001       2699 2119792832 AC1D2BAF0001 SIX AC1D2BAF00010303102223627108        recaudacion.c  3173 ===>setRspConsultaPagoCredito: BN016[000000000000000].
E 01 D Thu Mar 03 10:22:23.820 2022         bnint001       2699 2119792832 AC1D2BAF0001 SIX AC1D2BAF00010303102223627108        recaudacion.c  3178 ===>setRspConsultaPagoCredito: BN017[000000000000000].
E 01 D Thu Mar 03 10:22:23.820 2022         bnint001       2699 2119792832 AC1D2BAF0001 SIX AC1D2BAF00010303102223627108        recaudacion.c  3183 ===>setRspConsultaPagoCredito: BN018[000000000000050].
E 01 D Thu Mar 03 10:22:23.821 2022         bnint001       2699 2119792832 AC1D2BAF0001 SIX AC1D2BAF00010303102223627108        recaudacion.c  3188 ===>setRspConsultaPagoCredito: BN019[000000000101110].
E 01 D Thu Mar 03 10:22:23.821 2022         bnint001       2699 2119792832 AC1D2BAF0001 SIX AC1D2BAF00010303102223627108        recaudacion.c  3193 ===>setRspConsultaPagoCredito: BN020[000000000010400].
E 01 D Thu Mar 03 10:22:23.821 2022         bnint001       2699 2119792832 AC1D2BAF0001 SIX AC1D2BAF00010303102223627108        recaudacion.c  3198 ===>setRspConsultaPagoCredito: BN021[20200420].
E 01 D Thu Mar 03 10:22:23.822 2022         bnint001       2699 2119792832 AC1D2BAF0001 SIX AC1D2BAF00010303102223627108        recaudacion.c  3203 ===>setRspConsultaPagoCredito: BN022[012].
E 01 D Thu Mar 03 10:22:23.822 2022         bnint001       2699 2119792832 AC1D2BAF0001 SIX AC1D2BAF00010303102223627108        recaudacion.c  3208 ===>setRspConsultaPagoCredito: BN023[012].
E 01 D Thu Mar 03 10:22:23.822 2022         bnint001       2699 2119792832 AC1D2BAF0001 SIX AC1D2BAF00010303102223627108        recaudacion.c  3213 ===>setRspConsultaPagoCredito: BN024[000].
E 01 D Thu Mar 03 10:22:23.822 2022         bnint001       2699 2119792832 AC1D2BAF0001 SIX AC1D2BAF00010303102223627108        recaudacion.c  3218 ===>setRspConsultaPagoCredito: BN025[000000000000010].
E 01 D Thu Mar 03 10:22:23.823 2022         bnint001       2699 2119792832 AC1D2BAF0001 SIX AC1D2BAF00010303102223627108        recaudacion.c  3223 ===>setRspConsultaPagoCredito: BN026[                                                  ].
E 01 D Thu Mar 03 10:22:23.823 2022         bnint001       2699 2119792832 AC1D2BAF0001 SIX AC1D2BAF00010303102223627108        recaudacion.c  3230 ===>setRspConsultaPagoCredito: BN027[                                                                                                                                                                                                                                                                                                                                                                                                                                                                                                                                                                                                                                                                                                                                                                                                                                                                                                                                    ].
E 01 D Thu Mar 03 10:22:23.823 2022         bnint001       2699 2119792832 AC1D2BAF0001 SIX AC1D2BAF00010303102223627108    IF_inter_to_iso.c    45 ===>IF_inter_to_iso: Ending IF_inter_to_iso.
E 01 D Thu Mar 03 10:22:23.823 2022         bnint001       2699 2119792832 AC1D2BAF0001 SIX AC1D2BAF00010303102223627108              IF_tx.c    85 ===>IF_tx: BUFFLEN[1269].
E 01 D Thu Mar 03 10:22:23.824 2022         bnint001       2699 2119792832 AC1D2BAF0001 SIX AC1D2BAF00010303102223627108              IF_tx.c   127 ===>IF_tx: Sending [1269]bytes to appl[Z0001TCP].
E 01 D Thu Mar 03 10:22:23.824 2022         bnint001       2699 2119792832 AC1D2BAF0001 SIX AC1D2BAF00010303102223627108              IF_tx.c   136 ===>IF_tx: IF->dat.par.ddlogger[Y].
E 01 D Thu Mar 03 10:22:23.825 2022         bnint001       2699 2119792832 AC1D2BAF0001 SIX AC1D2BAF00010303102223627108              IF_tx.c   137 ===>IF_tx: IF->dat.par.ddlog_hex[N].
E 01 I Thu Mar 03 10:22:23.825 2022       tcp_013126      13126  596719808 AC1D2BAF0001 00000000000000000000000000000000         six_asygen.c   170 ===>webasy_six_asygen: message (1269 bytes) received token exp(08391428) recv(08391428).
E 01 D Thu Mar 03 10:22:23.825 2022         bnint001       2699 2119792832 AC1D2BAF0001 SIX AC1D2BAF00010303102223627108          xmlparser.c   969 ===>xmlProcessMsg: id[01_T_SERVICIO], pos[0], len[6].
E 01 I Thu Mar 03 10:22:23.825 2022       tcp_013126      13126  596719808 AC1D2BAF0001 00000000000000000000000000000000         six_asygen.c   173 ===>webasy_six_asygen: successful message (1269 bytes) received.
E 01 D Thu Mar 03 10:22:23.825 2022         bnint001       2699 2119792832 AC1D2BAF0001 SIX AC1D2BAF00010303102223627108          xmlparser.c   969 ===>xmlProcessMsg: id[02_T_OPERACION], pos[6], len[4].
E 01 D Thu Mar 03 10:22:23.825 2022         bnint001       2699 2119792832 AC1D2BAF0001 SIX AC1D2BAF00010303102223627108          xmlparser.c   969 ===>xmlProcessMsg: id[03_TIPO_REF_CONSULTA], pos[10], len[2].
E 01 I Thu Mar 03 10:22:23.825 2022       tcp_013126      13126  596719808 AC1D2BAF0001 00000000000000000000000000000000         tcp_rcvsnd.c   238 ===>tcp_rcvsnd: writing to client socket 1281 bytes.
E 01 D Thu Mar 03 10:22:23.826 2022         bnint001       2699 2119792832 AC1D2BAF0001 SIX AC1D2BAF00010303102223627108          xmlparser.c   969 ===>xmlProcessMsg: id[04_REF_CONSULTA], pos[12], len[20].
E 01 I Thu Mar 03 10:22:23.826 2022       tcp_013126      13126  596719808 AC1D2BAF0001 00000000000000000000000000000000           net_send.c    81 ===>net_send: sending 1281 bytes to client.
E 01 D Thu Mar 03 10:22:23.826 2022         bnint001       2699 2119792832 AC1D2BAF0001 SIX AC1D2BAF00010303102223627108          xmlparser.c   969 ===>xmlProcessMsg: id[05_COD_ENTIDAD], pos[32], len[4].
E 01 D Thu Mar 03 10:22:23.826 2022       tcp_013126      13126  596719808 AC1D2BAF0001 00000000000000000000000000000000        tcp_chksock.c    88 ===>tcp_chksock: not pending data, socket status active.
E 01 D Thu Mar 03 10:22:23.826 2022         bnint001       2699 2119792832 AC1D2BAF0001 SIX AC1D2BAF00010303102223627108          xmlparser.c   969 ===>xmlProcessMsg: id[06_COD_RETORNO], pos[36], len[4].
E 01 D Thu Mar 03 10:22:23.827 2022         bnint001       2699 2119792832 AC1D2BAF0001 SIX AC1D2BAF00010303102223627108          xmlparser.c   969 ===>xmlProcessMsg: id[07_CANAL_ATENCION], pos[40], len[2].
E 01 I Thu Mar 03 10:22:23.827 2022       tcp_013126      13126  596719808 AC1D2BAF0001 00000000000000000000000000000000         tcp_rcvsnd.c   177 ===>tcp_rcvsnd: waiting request (0 sec) from client socket.
E 01 D Thu Mar 03 10:22:23.827 2022         bnint001       2699 2119792832 AC1D2BAF0001 SIX AC1D2BAF00010303102223627108          xmlparser.c   969 ===>xmlProcessMsg: id[08_EMISOR_REQ], pos[42], len[4].
E 01 D Thu Mar 03 10:22:23.827 2022       tcp_013126      13126  596719808 AC1D2BAF0001 00000000000000000000000000000000         net_tcpsel.c    67 ===>net_tcpsel: maximum iddle time off.
E 01 D Thu Mar 03 10:22:23.827 2022         bnint001       2699 2119792832 AC1D2BAF0001 SIX AC1D2BAF00010303102223627108          xmlparser.c   969 ===>xmlProcessMsg: id[09_COD_CLIENTE], pos[46], len[20].
E 01 D Thu Mar 03 10:22:23.827 2022       tcp_013126      13126  596719808 AC1D2BAF0001 00000000000000000000000000000000        tcp_chksock.c    88 ===>tcp_chksock: not pending data, socket status active.
E 01 D Thu Mar 03 10:22:23.828 2022         bnint001       2699 2119792832 AC1D2BAF0001 SIX AC1D2BAF00010303102223627108          xmlparser.c   969 ===>xmlProcessMsg: id[10_NOM_CLIENTE], pos[66], len[70].
E 01 D Thu Mar 03 10:22:23.828 2022         bnint001       2699 2119792832 AC1D2BAF0001 SIX AC1D2BAF00010303102223627108          xmlparser.c   969 ===>xmlProcessMsg: id[11_ARR_CREDITO], pos[136], len[225].
E 01 W Thu Mar 03 10:22:23.828 2022         bnint001       2699 2119792832 AC1D2BAF0001 SIX AC1D2BAF00010303102223627108          xmlparser.c   629 ===>xmlMain: Sobra trama! Len Msg [1261] Pos Msg[361]; Se analizo todo el arhivo XML o hubo error evaluando Case.
E 01 W Thu Mar 03 10:22:23.828 2022         bnint001       2699 2119792832 AC1D2BAF0001 SIX AC1D2BAF00010303102223627108          xmlparser.c   633 ===>xmlMain: Modo Protect, se ocultara trama restante.
E 01 N Thu Mar 03 10:22:23.828 2022         bnint001       2699 2119792832 AC1D2BAF0001 SIX AC1D2BAF00010303102223627108          xmlparser.c   670 ===>xmlMain: rc[2], ultimo Parseo: Pos[136], Len[225].
E 01 D Thu Mar 03 10:22:23.829 2022         bnint001       2699 2119792832 AC1D2BAF0001 SIX AC1D2BAF00010303102223627108              IF_tx.c   143 ===>IF_tx: Message sent to appl[Z0001TCP].
E 01 D Thu Mar 03 10:22:24.810 2022       tcp_005785       5785  565385024 AC1D2BAF0001 00000000000000000000000000000000        tcp_chksock.c    93 ===>tcp_chksock: found pending data, socket status active.
E 01 I Thu Mar 03 10:22:24.811 2022       tcp_005785       5785  565385024 AC1D2BAF0001 00000000000000000000000000000000           net_recv.c   151 ===>net_recv: receiving 49 bytes from client.
E 01 I Thu Mar 03 10:22:24.811 2022       tcp_005785       5785  565385024 AC1D2BAF0001 00000000000000000000000000000000         tcp_rcvsnd.c   190 ===>tcp_rcvsnd: message of 49 bytes read from client socket.
E 01 I Thu Mar 03 10:22:24.811 2022       tcp_005785       5785  565385024 AC1D2BAF0001 00000000000000000000000000000000           six_echo.c    77 ===>six_echo: normal host(prueba) user(prueba) echo received [20220303102224 - ECHO MENSAJE].
E 01 I Thu Mar 03 10:22:24.811 2022       tcp_005785       5785  565385024 AC1D2BAF0001 00000000000000000000000000000000           six_echo.c    83 ===>six_echo: normal host(prueba) user(prueba) echo response [20220303102224 - ECHO MENSAJE].
E 01 I Thu Mar 03 10:22:24.812 2022       tcp_005785       5785  565385024 AC1D2BAF0001 00000000000000000000000000000000         tcp_rcvsnd.c   238 ===>tcp_rcvsnd: writing to client socket 49 bytes.
E 01 I Thu Mar 03 10:22:24.812 2022       tcp_005785       5785  565385024 AC1D2BAF0001 00000000000000000000000000000000           net_send.c    81 ===>net_send: sending 49 bytes to client.
E 01 D Thu Mar 03 10:22:24.812 2022       tcp_005785       5785  565385024 AC1D2BAF0001 00000000000000000000000000000000        tcp_chksock.c    88 ===>tcp_chksock: not pending data, socket status active.
E 01 I Thu Mar 03 10:22:24.813 2022       tcp_005785       5785  565385024 AC1D2BAF0001 00000000000000000000000000000000         tcp_rcvsnd.c   177 ===>tcp_rcvsnd: waiting request (0 sec) from client socket.
E 01 D Thu Mar 03 10:22:24.813 2022       tcp_005785       5785  565385024 AC1D2BAF0001 00000000000000000000000000000000         net_tcpsel.c    67 ===>net_tcpsel: maximum iddle time off.
E 01 D Thu Mar 03 10:22:24.814 2022       tcp_005785       5785  565385024 AC1D2BAF0001 00000000000000000000000000000000        tcp_chksock.c    88 ===>tcp_chksock: not pending data, socket status active.
